0:100  0:100  MemLog inited, TSC freq: 2593994666
0:100  0:000  CPU was calibrated with ACPI PM Timer
0:100  0:000  
0:100  0:000  Now is 22.5.2019,  2:44:54 (GMT)
0:100  0:000  Starting Clover revision: 4920 on Lenovo EFI
0:100  0:000  Build with: [Args: -nb -mc --no-usb -D NO_GRUB_DRIVERS_EMBEDDED | -D DISABLE_USB_SUPPORT -D NO_GRUB_DRIVERS_EMBEDDED -D USE_BIOS_BLOCKIO -D USE_LOW_EBDA -D HAVE_LEGACY_EMURUNTIMEDXE -a X64 -b RELEASE -t XCODE8 -n 5 | OS: 10.13.6 | XCODE: 10.1]
0:100  0:000  SelfDevicePath=PciRoot(0x0)\Pci(0x1F,0x2)\Sata(0x0,0x0,0x0)\HD(1,GPT,355C780A-CC73-4802-9247-6576654B5F95,0x28,0x64000) @8E69CD98
0:100  0:000  SelfDirPath = \EFI\BOOT
0:102  0:002  === [ Get Smbios ] ========================================
0:102  0:000  Type 16 Index = 0
0:102  0:000  Total Memory Slots Count = 2
0:102  0:000  Type 17 Index = 0
0:102  0:000  SmbiosTable.Type17->Speed = 1600MHz
0:102  0:000  SmbiosTable.Type17->Size = 8192MB
0:102  0:000  SmbiosTable.Type17->Bank/Device = BANK 0 ChannelA-DIMM0
0:102  0:000  SmbiosTable.Type17->Vendor = 1315
0:102  0:000  SmbiosTable.Type17->SerialNumber = 22964940
0:102  0:000  SmbiosTable.Type17->PartNumber = CT102464BF160B.M16
0:102  0:000  Type 17 Index = 1
0:102  0:000  SmbiosTable.Type17->Speed = 1600MHz
0:102  0:000  SmbiosTable.Type17->Size = 8192MB
0:102  0:000  SmbiosTable.Type17->Bank/Device = BANK 2 ChannelB-DIMM0
0:102  0:000  SmbiosTable.Type17->Vendor = 1315
0:102  0:000  SmbiosTable.Type17->SerialNumber = 22964942
0:102  0:000  SmbiosTable.Type17->PartNumber = CT102464BF160B.M16
0:102  0:000  Boot status=0
0:102  0:000  Running on: '20BV0001US' with board '20BV0001US'
0:102  0:000  === [ GetCPUProperties ] ==================================
0:102  0:000  CPU Vendor = 756E6547 Model=306D4
0:102  0:000   The CPU supported SSE4.1
0:102  0:000  BrandString = Intel(R) Core(TM) i7-5600U CPU @ 2.60GHz
0:102  0:000   The CPU supported turbo
0:102  0:000  MSR 0x35               20004
0:102  0:000  MSR 0xE2 before patch 1E008406
0:102  0:000  MSR 0xE2 is locked, PM patches will be turned on
0:102  0:000  MSR 0xCE              0005053B_F3011A00
0:103  0:000  corrected FLEX_RATIO = 80000
0:103  0:000  MSR 0x1B0             00000000
0:103  0:000  FSBFrequency = 100 MHz, DMI FSBFrequency = 100 MHz, Corrected FSBFrequency = 100 MHz
0:103  0:000  MaxDiv/MinDiv: 26.0/5
0:103  0:000  Turbo: 31/31/31/32
0:103  0:000  Features: 0xBFEBFBFF
0:103  0:000  Threads: 4
0:103  0:000  Cores: 2
0:103  0:000  FSB: 100 MHz
0:103  0:000  CPU: 2600 MHz
0:103  0:000  TSC: 2600 MHz
0:103  0:000  PIS: 100 MHz
0:103  0:000  ExternalClock: 25 MHz
0:103  0:000  === [ GetDevices ] ========================================
0:103  0:000  PCI (00|00:14.00) : 8086 9CB1 class=0C0330
0:103  0:000  PCI (00|00:1C.01) : 8086 9C94 class=060400
0:103  0:000  PCI (00|03:00.00) : 14E4 43A0 class=028000
0:103  0:000   - WIFI: Vendor=Broadcom
0:103  0:000  PCI (00|00:02.00) : 8086 1616 class=030000
0:103  0:000   - GFX: Model=Intel HD Graphics 5500 (Intel)
0:103  0:000  PCI (00|00:1F.00) : 8086 9CC3 class=060100
0:103  0:000  PCI (00|00:1D.00) : 8086 9CA6 class=0C0320
0:103  0:000  PCI (00|00:1C.00) : 8086 9C9A class=060400
0:103  0:000  PCI (00|02:00.00) : 10EC 5227 class=FF0000
0:103  0:000  PCI (00|00:03.00) : 8086 160C class=040300
0:103  0:000  PCI (00|00:1F.02) : 8086 9C83 class=010601
0:103  0:000  PCI (00|00:00.00) : 8086 1604 class=060000
0:103  0:000  PCI (00|00:16.00) : 8086 9CBA class=078000
0:103  0:000  PCI (00|00:16.01) : FFFF FFFF class=FFFFFF
0:103  0:000  PCI (00|00:19.00) : 8086 15A2 class=020000
0:103  0:000   - LAN: 0 Vendor=Intel
0:103  0:000  PCI (00|00:1B.00) : 8086 9CA0 class=040300
0:103  0:000  PCI (00|00:1F.03) : 8086 9CA2 class=0C0500
0:103  0:000  PCI (00|00:1F.06) : 8086 9CA4 class=118000
0:103  0:000  === [ GetDefaultSettings ] ================================
0:103  0:000  Clover load options size = 0 bytes
0:108  0:005  EFI\CLOVER\config.plist loaded: Success
0:108  0:000  === [ GetListOfThemes ] ===================================
0:109  0:000  - [00]: FlatCamp
0:110  0:001  - [01]: Mojave
0:112  0:001  - [02]: Next Black
0:112  0:000  === [ Found config plists ] ===============================
0:115  0:002  - config.plist
0:115  0:000  === [ GetEarlyUserSettings ] ==============================
0:115  0:000  timeout set to 0
0:115  0:000  Custom boot CUSTOM_BOOT_DISABLED (0x0)
0:115  0:000  KextsToPatch: 6 requested
0:115  0:000   - [00]: AppleHDA (ALC3232 Zeroing 0883) :: BinPatch :: data len: 4
0:115  0:000   - patch disabled at config
0:115  0:000   - [01]: AppleHDA (ALC3232 Zeroing 0884) :: BinPatch :: data len: 4
0:115  0:000   - patch disabled at config
0:115  0:000   - [02]: AppleHDA (ALC3232 Zeroing 1983) :: BinPatch :: data len: 4
0:115  0:000   - patch disabled at config
0:115  0:000   - [03]: AppleHDA (ALC3232 Patch 11d41984 with 10ec0292 codec) :: BinPatch :: data len: 4
0:115  0:000   - patch disabled at config
0:115  0:000   - [04]: com.apple.driver.AppleIntelBDWGraphicsFramebuffer (Enable 128MB DVMT-prealloc, 48MB framebuffer, 48MB cursor bytes, 0x0a260006) :: BinPatch :: data len: 20
0:115  0:000   - patch disabled at config
0:115  0:000   - [05]: com.apple.driver.AppleIntelBDWGraphicsFramebuffer (MiniDP-audio, port 0105(12), 0x0a260006) :: BinPatch :: data len: 12
0:115  0:000   - patch disabled at config
0:115  0:000  KernelToPatch: 1 requested
0:115  0:000   - [00]: MSR 0xE2 _xcpm_idle instant reboot(c) Pike R. Alpha :: data len: 8
0:115  0:000  Default theme: FlatCamp
0:115  0:000  ConsoleMode will be set to highest mode
0:115  0:000  Hiding entries with string Preboot
0:115  0:000  Hiding entries with string UEFI internal
0:115  0:000  Hiding entries with string FireVault Prebooter
0:115  0:000  Hiding entries with string macOS Install Prebooter
0:115  0:000  === [ LoadDrivers ] =======================================
0:118  0:002  Loading HFSPlus-64.efi  status=Success
0:119  0:001   - driver needs connecting
0:119  0:000  Loading PartitionDxe-64.efi  status=Success
0:120  0:000   - driver needs connecting
0:120  0:000  Loading DataHubDxe-64.efi  status=Success
0:180  0:059  Loading VirtualSmc.efi  status=Success
0:183  0:003  Loading FSInject-64.efi  status=Success
0:184  0:000  Loading ApfsDriverLoader-64.efi  status=Success
0:185  0:000   - driver needs connecting
0:185  0:000  Loading AppleImageLoader-64.efi  status=Success
0:186  0:001  Loading AptioInputFix-64.efi  status=Success
0:187  0:000  Loading AptioMemoryFix-64.efi  status=Success
0:188  0:001  Loading AudioDxe-64.efi  status=Success
0:190  0:001   - driver needs connecting
0:190  0:000  4 drivers needs connecting ...
0:190  0:000  PlatformDriverOverrideProtocol not found. Installing ... Success
0:190  0:000  Partition driver loaded: 
0:190  0:000  HFS+ driver loaded
0:190  0:000  APFS driver loaded
0:190  0:000  Searching for invalid DiskIo BY_DRIVER connects: not found, all ok
10:910  10:719  === [ InitScreen ] ========================================
10:910  0:000  Console modes reported: 7, available modes:
10:910  0:000   - [01]: 80x25
10:910  0:000   - [02]: 80x50
10:910  0:000   - [03]: 240x56 (current mode)
10:910  0:000   - [04]: 80x25
10:910  0:000   - [05]: 100x31
10:910  0:000   - [06]: 128x40
10:910  0:000   - [07]: 160x53
10:910  0:000    Selected mode (3) is already set
10:910  0:000  SetScreenResolution: 1920x1080 - already set
10:910  0:000  SetScreenResolution: 1920x1080 - already set
11:033  0:122  reinit: self device path=PciRoot(0x0)\Pci(0x1F,0x2)\Sata(0x0,0x0,0x0)\HD(1,GPT,355C780A-CC73-4802-9247-6576654B5F95,0x28,0x64000)
11:034  0:001  === [ GetMacAddress ] =====================================
11:034  0:000  MAC address of LAN #0= 50:7B:9D:24:E7:2E:
11:034  0:000  === [ ScanSPD ] ===========================================
11:035  0:000  Scanning SMBus [8086:9CA2], mmio: 0xE1438004, ioport: 0xEFA0, hostc: 0x11
11:054  0:019  Slot: 0 Type 24 8192MB 1600MHz Vendor=Crucial Technology PartNo=CT102464BF160B.M16FP SerialNo=0E00060003010208
11:073  0:019  Slot: 1 Type 24 8192MB 1600MHz Vendor=Crucial Technology PartNo=CT102464BF160B.M16FP SerialNo=0E0006000301020A
11:074  0:000  === [ GetAcpiTablesList ] =================================
11:074  0:000  Get Acpi Tables List from RSDT:
11:074  0:000   - [00]: FACP  TP-JB    len=268
11:074  0:000   - [01]: SLIC  TP-JB    len=374
11:074  0:000   - [02]: ASF!  TP-JB    len=165
11:074  0:000   - [03]: HPET  TP-JB    len=56
11:074  0:000   - [04]: ECDT  TP-JB    len=82
11:074  0:000   - [05]: APIC  TP-JB    len=152
11:074  0:000   - [06]: MCFG  TP-JB    len=60
11:074  0:000   - [07]: SSDT  TP-SSDT1 len=51
11:074  0:000   - [08]: SSDT  TP-SSDT2 len=1158
11:074  0:000   - [09]: SSDT  SataAhci len=2507
11:074  0:000   - [10]: SSDT  Rmv_Batt len=338
11:074  0:000   - [11]: SSDT  Cpu0Ist len=1737
11:074  0:000   - [12]: SSDT  CpuSsdt len=2932
11:074  0:000   - [13]: SSDT  CtdpB len=873
11:074  0:000   - [14]: SSDT  SaSsdt  len=5237
11:074  0:000   - [15]: SSDT  CppcTabl len=916
11:074  0:000   - [16]: PCCT  TP-JB    len=110
11:074  0:000   - [17]: SSDT  Cpc_Tabl len=2756
11:074  0:000   - [18]: UEFI  TP-JB    len=66
11:074  0:000   - [19]: MSDM  TP-JB    len=85
11:074  0:000   - [20]: BATB  TP-JB    len=74
11:074  0:000   - [21]: FPDT  TP-JB    len=100
11:074  0:000   - [22]: UEFI  TP-JB    len=798
11:074  0:000   - [23]: BGRT  TP-JB    len=56
11:074  0:000  Calibrated TSC Frequency = 2593994666 = 2593MHz
11:074  0:000  === [ GetUserSettings ] ===================================
11:074  0:000  Add 16 devices:
11:076  0:001  USB FixOwnership: yes
11:076  0:000  Dropping 1 tables:
11:076  0:000   - [00]: Drop table  signature="DMAR" (52414D44)
11:076  0:000           - set table: 52414D44,                0 to drop: no
11:076  0:000   - final DSDT Fix mask=402600D4
11:076  0:000  PatchesDSDT: 32 requested
11:076  0:000   - [00]: (change _OSI to XOSI) lenToFind: 4, lenToReplace: 4, Target Bridge: <null string>
11:076  0:000   - [01]: (change _DSM to XDSM) lenToFind: 4, lenToReplace: 4, Target Bridge: <null string>
11:076  0:000   - [02]: (change EHC1 to EH01) lenToFind: 4, lenToReplace: 4, Target Bridge: <null string>
11:076  0:000   - [03]: (Change XHCI to XHC) lenToFind: 4, lenToReplace: 4, Target Bridge: <null string>
11:076  0:000   - [04]: (change B0D3 to HDAU) lenToFind: 4, lenToReplace: 4, Target Bridge: <null string>
11:076  0:000   - [05]: (change IGBE to GLAN) lenToFind: 4, lenToReplace: 4, Target Bridge: <null string>
11:076  0:000   - [06]: (Change SAT1 to SATA) lenToFind: 4, lenToReplace: 4, Target Bridge: <null string>
11:076  0:000   - [07]: (change PCI0.VID to IGPU #1 (Thinkpad)) lenToFind: 8, lenToReplace: 8, Target Bridge: <null string>
11:076  0:000   - [08]: (change PCI0.VID to IGPU #2 (Thinkpad)) lenToFind: 14, lenToReplace: 14, Target Bridge: <null string>
11:076  0:000   - [09]: (Change Method(_PTS,1,N) to ZPTS) lenToFind: 5, lenToReplace: 5, Target Bridge: <null string>
11:076  0:000   - [10]: (Change Method(XSEL,0,S) to XSEZ) lenToFind: 5, lenToReplace: 5, Target Bridge: <null string>
11:076  0:000   - [11]: (Change Method(ESEL,0,S) to ESEZ) lenToFind: 5, lenToReplace: 5, Target Bridge: <null string>
11:076  0:000   - [12]: (Change Method(_WAK,1,N) to ZWAK) lenToFind: 5, lenToReplace: 5, Target Bridge: <null string>
11:076  0:000   - [13]: (Instant Wake Fix 1(_PRW 0x6d, 0x03) to (0x6d, 0)) lenToFind: 8, lenToReplace: 8, Target Bridge: <null string>
11:076  0:000   - [14]: (Instant Wake Fix 2(_PRW 0x6d, 0x04) to (0x6d, 0)) lenToFind: 7, lenToReplace: 7, Target Bridge: <null string>
11:076  0:000   - [15]: (Change Method(GBIF,3,N) to XBIF) lenToFind: 5, lenToReplace: 5, Target Bridge: <null string>
11:076  0:000   - [16]: (Change Method(GBST,4,N) to XBST) lenToFind: 5, lenToReplace: 5, Target Bridge: <null string>
11:076  0:000   - [17]: (Change Method(L0D,0,N) to XL0D) lenToFind: 4, lenToReplace: 4, Target Bridge: <null string>
11:076  0:000   - [18]: (Change Notify(BAT0, 0x80) to BATC) lenToFind: 7, lenToReplace: 7, Target Bridge: <null string>
11:076  0:000   - [19]: (Change Notify(BAT0, 0x81) to BATC) lenToFind: 7, lenToReplace: 7, Target Bridge: <null string>
11:076  0:000   - [20]: (Change Notify(BAT1, 0x80) to BATC) lenToFind: 7, lenToReplace: 7, Target Bridge: <null string>
11:076  0:000   - [21]: (Change Notfiy(_SB.PCI0.LPC.EC.BAT1, 0x01) to BATC) lenToFind: 25, lenToReplace: 25, Target Bridge: <null string>
11:076  0:000   - [22]: (Change Notfiy(_SB.PCI0.LPC.EC.BAT1, 0x03) to BATC) lenToFind: 26, lenToReplace: 26, Target Bridge: <null string>
11:076  0:000   - [23]: (Change Method(_Q15,0,N) to XQ15) lenToFind: 5, lenToReplace: 5, Target Bridge: <null string>
11:076  0:000   - [24]: (Change Method(_Q14,0,N) to XQ14) lenToFind: 5, lenToReplace: 5, Target Bridge: <null string>
11:076  0:000   - [25]: (Change Method(_Q6A,0,N) to XQ28) lenToFind: 5, lenToReplace: 5, Target Bridge: <null string>
11:076  0:000    patch disabled at config
11:076  0:000   - [26]: (Change Method(_Q16,0,N) to XQ19) lenToFind: 5, lenToReplace: 5, Target Bridge: <null string>
11:076  0:000    patch disabled at config
11:076  0:000   - [27]: (Change Method(_Q64,0,N) to XQ2A) lenToFind: 5, lenToReplace: 5, Target Bridge: <null string>
11:076  0:000    patch disabled at config
11:076  0:000   - [28]: (Change Method(_Q66,0,N) to XQ66) lenToFind: 5, lenToReplace: 5, Target Bridge: <null string>
11:076  0:000    patch disabled at config
11:076  0:000   - [29]: (Change Method(_Q67,0,N) to XQ67) lenToFind: 5, lenToReplace: 5, Target Bridge: <null string>
11:076  0:000    patch disabled at config
11:076  0:000   - [30]: (Change Method(_Q68,0,N) to XQ68) lenToFind: 5, lenToReplace: 5, Target Bridge: <null string>
11:076  0:000    patch disabled at config
11:076  0:000   - [31]: (Change Method(_Q69,0,N) to XQ69) lenToFind: 5, lenToReplace: 5, Target Bridge: <null string>
11:076  0:000    patch disabled at config
11:076  0:000  PluginType: 1
11:076  0:000  Devices to rename 3
11:076  0:000  EXP1:PCI0:_SB_:->will be renamed to RP01
11:076  0:000  EXP2:PCI0:_SB_:->will be renamed to RP02
11:076  0:000  EXP3:PCI0:_SB_:->will be renamed to RP03
11:076  0:000  Using ProductName from config: MacBookPro12,1
11:076  0:000  Using latest BiosVersion from clover
11:076  0:000  BiosVersion: MBP121.88Z.F000.B00.1902151234
11:076  0:000  BiosReleaseDate: 02/15/2019
11:076  0:000  Using EfiVersion from config: 181.0.0.0.0
11:076  0:000  Using FirmwareFeatures from config: 0xFC0FE137
11:076  0:000  Using FirmwareFeaturesMask from config: 0xFF1FFF3F
11:076  0:000  Board-ID set from config as Mac-E43C1C25D4880AD6
11:076  0:000  BoardType: 0xA
11:076  0:000  ChassisType: 0x9
11:076  0:000  Converted CustomUUID 4EA6FE6F-C29D-4CF0-8127-41B1DAEBEFE4
11:077  0:000  === [ Found DSDT tables ] =================================
11:895  0:818  === [ ScanVolumes ] =======================================
11:896  0:000  Found 11 volumes with blockIO
11:896  0:000  - [00]: Volume: PciRoot(0x0)\Pci(0x1F,0x2)\Sata(0x0,0x0,0x0)
11:896  0:000  - [01]: Volume: PciRoot(0x0)\Pci(0x1F,0x2)\Sata(0x1,0x0,0x0)
11:896  0:000  - [02]: Volume: PciRoot(0x0)\Pci(0x1F,0x2)\Sata(0x1,0x0,0x0)\HD(1,GPT,2E3C71F6-4425-4233-93E5-962E7C751241,0x28,0x64000)
11:897  0:000          Result of bootcode detection: bootable unknown (legacy)
11:899  0:001  - [03]: Volume: PciRoot(0x0)\Pci(0x1F,0x2)\Sata(0x1,0x0,0x0)\HD(2,GPT,08810003-F996-4FDC-AAE0-0EE1E7F7E25A,0x64028,0x1D30060)
11:899  0:000  - [04]: Volume: PciRoot(0x0)\Pci(0x1F,0x2)\Sata(0x0,0x0,0x0)\HD(1,GPT,355C780A-CC73-4802-9247-6576654B5F95,0x28,0x64000)
11:900  0:000          Result of bootcode detection: bootable unknown (legacy)
11:901  0:001          This is SelfVolume !!
11:901  0:000  - [05]: Volume: PciRoot(0x0)\Pci(0x1F,0x2)\Sata(0x0,0x0,0x0)\HD(2,GPT,708A96D3-E0A4-4B80-A773-230FE9D57A51,0x64028,0xE69AAE0)
11:901  0:000          Result of bootcode detection: bootable unknown (legacy)
11:901  0:000  - [06]: Volume: PciRoot(0x0)\Pci(0x1F,0x2)\Sata(0x0,0x0,0x0)\HD(3,GPT,812CCA20-8E1C-47AD-B270-DE90EBE4CDAE,0xE6FEB08,0x2BC87500)
11:902  0:000          Result of bootcode detection: bootable unknown (legacy)
11:902  0:000  - [07]: Volume: PciRoot(0x0)\Pci(0x1F,0x2)\Sata(0x0,0x0,0x0)\HD(2,GPT,708A96D3-E0A4-4B80-A773-230FE9D57A51,0x64028,0xE69AAE0)\VenMedia(BE74FCF7-0B7C-49F3-9147-01F4042E6842,3D324E8304C338479C81D50B45654D02)
11:902  0:000          hiding this volume
11:902  0:000  - [08]: Volume: PciRoot(0x0)\Pci(0x1F,0x2)\Sata(0x0,0x0,0x0)\HD(2,GPT,708A96D3-E0A4-4B80-A773-230FE9D57A51,0x64028,0xE69AAE0)\VenMedia(BE74FCF7-0B7C-49F3-9147-01F4042E6842,E5E12149AB04C1498F618F4A74880847)
11:902  0:000  - [09]: Volume: PciRoot(0x0)\Pci(0x1F,0x2)\Sata(0x0,0x0,0x0)\HD(2,GPT,708A96D3-E0A4-4B80-A773-230FE9D57A51,0x64028,0xE69AAE0)\VenMedia(BE74FCF7-0B7C-49F3-9147-01F4042E6842,34A70B9E56E68D4793F3E4749023524A)
11:903  0:000  - [10]: Volume: PciRoot(0x0)\Pci(0x1F,0x2)\Sata(0x0,0x0,0x0)\HD(2,GPT,708A96D3-E0A4-4B80-A773-230FE9D57A51,0x64028,0xE69AAE0)\VenMedia(BE74FCF7-0B7C-49F3-9147-01F4042E6842,394617B335837D4DAF2F986C0D5BC684)
11:903  0:000  found 2 handles with audio
11:905  0:001  Bad output index, status=Not Found, set 0
11:905  0:000  got index=0
11:906  0:000  got volume 85
11:906  0:000  === [ InitTheme ] =========================================
11:906  0:000  use night theme
11:912  0:006  Using theme 'FlatCamp' (EFI\CLOVER\themes\FlatCamp)
11:915  0:003    Channels: 2  Sample rate: 44100 Hz  Bits: 16
11:915  0:000  output to channel 0 with volume 85, len=421120
11:915  0:000   sound channels=2 bits=16 freq=44100
14:806  2:891  free sound
14:806  0:000  sound play end with status=Success
14:810  0:004  Loading font from ThemeDir: Success
14:811  0:001  theme inited
14:811  0:000  Chosen theme FlatCamp
14:812  0:000  after NVRAM boot-args=
14:812  0:000  === [ Dump SMC keys from NVRAM ] ==========================
14:812  0:000  found AppleSMC protocol
15:260  0:447  === [ ScanLoader ] ========================================
15:260  0:000  - [02]: 'EFI'
15:323  0:063          AddLoaderEntry for Volume Name=EFI
15:323  0:000          skipped because entry is hidden
15:323  0:000  - [03]: 'Install macOS Mojave'
15:325  0:001          AddLoaderEntry for Volume Name=Install macOS Mojave
15:399  0:073  - [04]: 'EFI'
15:461  0:062          AddLoaderEntry for Volume Name=EFI
15:461  0:000          skipped because entry is hidden
15:461  0:000  - [07]: 'Preboot', hidden
15:461  0:000  - [08]: 'macOS Mojave'
15:495  0:033          AddLoaderEntry for Volume Name=macOS Mojave
15:504  0:008      hibernated: set as never
15:579  0:074  - [09]: 'Recovery'
15:583  0:004          AddLoaderEntry for Volume Name=Recovery
15:658  0:075  - [10]: 'VM'
15:718  0:060  Scanning legacy ...
15:718  0:000  === [ AddCustomTool ] =====================================
15:719  0:000  found tool \EFI\CLOVER\tools\Shell64U.efi
15:719  0:000  Checking EFI partition Volume 2 for Clover
15:719  0:000   Found Clover
15:722  0:002  === [ GetEfiBootDeviceFromNvram ] =========================
15:723  0:000   - found entry 1. 'macOS Mojave', Volume 'macOS Mojave', DevicePath 'PciRoot(0x0)\Pci(0x1F,0x2)\Sata(0x0,0x0,0x0)\HD(2,GPT,708A96D3-E0A4-4B80-A773-230FE9D57A51,0x64028,0xE69AAE0)\VenMedia(BE74FCF7-0B7C-49F3-9147-01F4042E6842,E5E12149AB04C1498F618F4A74880847)\System\Library\CoreServices\boot.efii'
15:723  0:000  DefaultIndex=1 and MainMenu.EntryCount=9
16:563  0:840  GUI ready
32:325  15:761  ReinitSelfLib after theme change
32:325  0:000  reinit: self device path=PciRoot(0x0)\Pci(0x1F,0x2)\Sata(0x0,0x0,0x0)\HD(1,GPT,355C780A-CC73-4802-9247-6576654B5F95,0x28,0x64000)
32:325  0:000  === [ ScanVolumes ] =======================================
32:325  0:000  Found 11 volumes with blockIO
32:325  0:000  - [00]: Volume: PciRoot(0x0)\Pci(0x1F,0x2)\Sata(0x0,0x0,0x0)
32:325  0:000  - [01]: Volume: PciRoot(0x0)\Pci(0x1F,0x2)\Sata(0x1,0x0,0x0)
32:325  0:000  - [02]: Volume: PciRoot(0x0)\Pci(0x1F,0x2)\Sata(0x1,0x0,0x0)\HD(1,GPT,2E3C71F6-4425-4233-93E5-962E7C751241,0x28,0x64000)
32:326  0:000          Result of bootcode detection: bootable unknown (legacy)
32:326  0:000  - [03]: Volume: PciRoot(0x0)\Pci(0x1F,0x2)\Sata(0x1,0x0,0x0)\HD(2,GPT,08810003-F996-4FDC-AAE0-0EE1E7F7E25A,0x64028,0x1D30060)
32:327  0:000  - [04]: Volume: PciRoot(0x0)\Pci(0x1F,0x2)\Sata(0x0,0x0,0x0)\HD(1,GPT,355C780A-CC73-4802-9247-6576654B5F95,0x28,0x64000)
32:327  0:000          Result of bootcode detection: bootable unknown (legacy)
32:328  0:000          This is SelfVolume !!
32:328  0:000  - [05]: Volume: PciRoot(0x0)\Pci(0x1F,0x2)\Sata(0x0,0x0,0x0)\HD(2,GPT,708A96D3-E0A4-4B80-A773-230FE9D57A51,0x64028,0xE69AAE0)
32:328  0:000          Result of bootcode detection: bootable unknown (legacy)
32:328  0:000  - [06]: Volume: PciRoot(0x0)\Pci(0x1F,0x2)\Sata(0x0,0x0,0x0)\HD(3,GPT,812CCA20-8E1C-47AD-B270-DE90EBE4CDAE,0xE6FEB08,0x2BC87500)
32:329  0:000          Result of bootcode detection: bootable unknown (legacy)
32:329  0:000  - [07]: Volume: PciRoot(0x0)\Pci(0x1F,0x2)\Sata(0x0,0x0,0x0)\HD(2,GPT,708A96D3-E0A4-4B80-A773-230FE9D57A51,0x64028,0xE69AAE0)\VenMedia(BE74FCF7-0B7C-49F3-9147-01F4042E6842,3D324E8304C338479C81D50B45654D02)
32:329  0:000          hiding this volume
32:329  0:000  - [08]: Volume: PciRoot(0x0)\Pci(0x1F,0x2)\Sata(0x0,0x0,0x0)\HD(2,GPT,708A96D3-E0A4-4B80-A773-230FE9D57A51,0x64028,0xE69AAE0)\VenMedia(BE74FCF7-0B7C-49F3-9147-01F4042E6842,E5E12149AB04C1498F618F4A74880847)
32:329  0:000  - [09]: Volume: PciRoot(0x0)\Pci(0x1F,0x2)\Sata(0x0,0x0,0x0)\HD(2,GPT,708A96D3-E0A4-4B80-A773-230FE9D57A51,0x64028,0xE69AAE0)\VenMedia(BE74FCF7-0B7C-49F3-9147-01F4042E6842,34A70B9E56E68D4793F3E4749023524A)
32:330  0:000  - [10]: Volume: PciRoot(0x0)\Pci(0x1F,0x2)\Sata(0x0,0x0,0x0)\HD(2,GPT,708A96D3-E0A4-4B80-A773-230FE9D57A51,0x64028,0xE69AAE0)\VenMedia(BE74FCF7-0B7C-49F3-9147-01F4042E6842,394617B335837D4DAF2F986C0D5BC684)
32:331  0:001  found 2 handles with audio
32:333  0:001  Bad output index, status=Not Found, set 0
32:333  0:000  got index=0
32:333  0:000  got volume 85
32:333  0:000  change theme
32:333  0:000  === [ InitTheme ] =========================================
32:333  0:000  use night theme
32:339  0:006  Using theme 'Mojave' (EFI\CLOVER\themes\Mojave)
32:340  0:000  OS main and drive as badge
32:342  0:002    Channels: 2  Sample rate: 44100 Hz  Bits: 16
32:342  0:000  output to channel 0 with volume 85, len=421120
32:342  0:000   sound channels=2 bits=16 freq=44100
35:132  2:789  free sound
35:132  0:000  sound play end with status=Success
35:138  0:006  Loading font from ThemeDir: Success
35:139  0:001  theme inited
35:139  0:000  Chosen theme Mojave
35:140  0:000  after NVRAM boot-args=
35:140  0:000  === [ ScanLoader ] ========================================
35:140  0:000  - [02]: 'EFI'
35:200  0:059          AddLoaderEntry for Volume Name=EFI
35:200  0:000          skipped because entry is hidden
35:200  0:000  - [03]: 'Install macOS Mojave'
35:201  0:001          AddLoaderEntry for Volume Name=Install macOS Mojave
35:272  0:071  - [04]: 'EFI'
35:328  0:055          AddLoaderEntry for Volume Name=EFI
35:328  0:000          skipped because entry is hidden
35:328  0:000  - [07]: 'Preboot', hidden
35:328  0:000  - [08]: 'macOS Mojave'
35:351  0:023          AddLoaderEntry for Volume Name=macOS Mojave
35:358  0:007      hibernated: set as never
35:432  0:073  - [09]: 'Recovery'
35:435  0:002          AddLoaderEntry for Volume Name=Recovery
35:505  0:070  - [10]: 'VM'
35:562  0:057  Scanning legacy ...
35:562  0:000  === [ AddCustomTool ] =====================================
35:563  0:000  found tool \EFI\CLOVER\tools\Shell64U.efi
35:563  0:000  Checking EFI partition Volume 2 for Clover
35:563  0:000   Found Clover
35:566  0:003  === [ GetEfiBootDeviceFromNvram ] =========================
35:567  0:000   - found entry 1. 'Boot macOS from macOS Mojave', Volume 'macOS Mojave', DevicePath 'PciRoot(0x0)\Pci(0x1F,0x2)\Sata(0x0,0x0,0x0)\HD(2,GPT,708A96D3-E0A4-4B80-A773-230FE9D57A51,0x64028,0xE69AAE0)\VenMedia(BE74FCF7-0B7C-49F3-9147-01F4042E6842,E5E12149AB04C1498F618F4A74880847)\System\Library\CoreServices\boot.efii'
35:567  0:000  DefaultIndex=1 and MainMenu.EntryCount=9
52:266  16:698  ReinitSelfLib after theme change
52:266  0:000  reinit: self device path=PciRoot(0x0)\Pci(0x1F,0x2)\Sata(0x0,0x0,0x0)\HD(1,GPT,355C780A-CC73-4802-9247-6576654B5F95,0x28,0x64000)
52:266  0:000  === [ ScanVolumes ] =======================================
52:266  0:000  Found 11 volumes with blockIO
52:266  0:000  - [00]: Volume: PciRoot(0x0)\Pci(0x1F,0x2)\Sata(0x0,0x0,0x0)
52:266  0:000  - [01]: Volume: PciRoot(0x0)\Pci(0x1F,0x2)\Sata(0x1,0x0,0x0)
52:266  0:000  - [02]: Volume: PciRoot(0x0)\Pci(0x1F,0x2)\Sata(0x1,0x0,0x0)\HD(1,GPT,2E3C71F6-4425-4233-93E5-962E7C751241,0x28,0x64000)
52:267  0:000          Result of bootcode detection: bootable unknown (legacy)
52:267  0:000  - [03]: Volume: PciRoot(0x0)\Pci(0x1F,0x2)\Sata(0x1,0x0,0x0)\HD(2,GPT,08810003-F996-4FDC-AAE0-0EE1E7F7E25A,0x64028,0x1D30060)
52:268  0:000  - [04]: Volume: PciRoot(0x0)\Pci(0x1F,0x2)\Sata(0x0,0x0,0x0)\HD(1,GPT,355C780A-CC73-4802-9247-6576654B5F95,0x28,0x64000)
52:268  0:000          Result of bootcode detection: bootable unknown (legacy)
52:269  0:000          This is SelfVolume !!
52:269  0:000  - [05]: Volume: PciRoot(0x0)\Pci(0x1F,0x2)\Sata(0x0,0x0,0x0)\HD(2,GPT,708A96D3-E0A4-4B80-A773-230FE9D57A51,0x64028,0xE69AAE0)
52:269  0:000          Result of bootcode detection: bootable unknown (legacy)
52:270  0:000  - [06]: Volume: PciRoot(0x0)\Pci(0x1F,0x2)\Sata(0x0,0x0,0x0)\HD(3,GPT,812CCA20-8E1C-47AD-B270-DE90EBE4CDAE,0xE6FEB08,0x2BC87500)
52:270  0:000          Result of bootcode detection: bootable unknown (legacy)
52:270  0:000  - [07]: Volume: PciRoot(0x0)\Pci(0x1F,0x2)\Sata(0x0,0x0,0x0)\HD(2,GPT,708A96D3-E0A4-4B80-A773-230FE9D57A51,0x64028,0xE69AAE0)\VenMedia(BE74FCF7-0B7C-49F3-9147-01F4042E6842,3D324E8304C338479C81D50B45654D02)
52:270  0:000          hiding this volume
52:270  0:000  - [08]: Volume: PciRoot(0x0)\Pci(0x1F,0x2)\Sata(0x0,0x0,0x0)\HD(2,GPT,708A96D3-E0A4-4B80-A773-230FE9D57A51,0x64028,0xE69AAE0)\VenMedia(BE74FCF7-0B7C-49F3-9147-01F4042E6842,E5E12149AB04C1498F618F4A74880847)
52:270  0:000  - [09]: Volume: PciRoot(0x0)\Pci(0x1F,0x2)\Sata(0x0,0x0,0x0)\HD(2,GPT,708A96D3-E0A4-4B80-A773-230FE9D57A51,0x64028,0xE69AAE0)\VenMedia(BE74FCF7-0B7C-49F3-9147-01F4042E6842,34A70B9E56E68D4793F3E4749023524A)
52:271  0:000  - [10]: Volume: PciRoot(0x0)\Pci(0x1F,0x2)\Sata(0x0,0x0,0x0)\HD(2,GPT,708A96D3-E0A4-4B80-A773-230FE9D57A51,0x64028,0xE69AAE0)\VenMedia(BE74FCF7-0B7C-49F3-9147-01F4042E6842,394617B335837D4DAF2F986C0D5BC684)
52:272  0:001  found 2 handles with audio
52:274  0:001  Bad output index, status=Not Found, set 0
52:274  0:000  got index=0
52:274  0:000  got volume 85
52:274  0:000  theme inited
52:274  0:000  Chosen theme Mojave
52:275  0:000  after NVRAM boot-args=
52:275  0:000  === [ ScanLoader ] ========================================
52:275  0:000  - [02]: 'EFI'
52:331  0:056          AddLoaderEntry for Volume Name=EFI
52:331  0:000          skipped because entry is hidden
52:331  0:000  - [03]: 'Install macOS Mojave'
52:332  0:000          AddLoaderEntry for Volume Name=Install macOS Mojave
52:401  0:068  - [04]: 'EFI'
52:458  0:056          AddLoaderEntry for Volume Name=EFI
52:458  0:000          skipped because entry is hidden
52:458  0:000  - [07]: 'Preboot', hidden
52:458  0:000  - [08]: 'macOS Mojave'
52:481  0:023          AddLoaderEntry for Volume Name=macOS Mojave
52:488  0:007      hibernated: set as never
52:561  0:072  - [09]: 'Recovery'
52:564  0:002          AddLoaderEntry for Volume Name=Recovery
52:638  0:074  - [10]: 'VM'
52:698  0:060  Scanning legacy ...
52:698  0:000  === [ AddCustomTool ] =====================================
52:698  0:000  found tool \EFI\CLOVER\tools\Shell64U.efi
52:698  0:000  Checking EFI partition Volume 2 for Clover
52:699  0:000   Found Clover
52:699  0:000  === [ GetEfiBootDeviceFromNvram ] =========================
52:700  0:000   - found entry 1. 'Boot macOS from macOS Mojave', Volume 'macOS Mojave', DevicePath 'PciRoot(0x0)\Pci(0x1F,0x2)\Sata(0x0,0x0,0x0)\HD(2,GPT,708A96D3-E0A4-4B80-A773-230FE9D57A51,0x64028,0xE69AAE0)\VenMedia(BE74FCF7-0B7C-49F3-9147-01F4042E6842,E5E12149AB04C1498F618F4A74880847)\System\Library\CoreServices\boot.efii'
52:700  0:000  DefaultIndex=1 and MainMenu.EntryCount=9
62:882  10:182  Found UEFI Acpi 2.0 RSDP at 96DFE014
62:882  0:000  Saving ACPI tables from RSDP 96DFE014 to EFI\CLOVER\ACPI\origin ...
62:882  0:000   96DFE014: 'RSD PTR ', Rev: 2 (Acpi 2.0 or newer), Len: 36 -> RSDP.aml
62:894  0:011    (Xsdt: 96DFE1C0, Rsdt: 96DFE0FC)
62:894  0:000    96DFE1C0: 'XSDT', 'TP-JB', Rev: 1, Len: 228 -> XSDT.aml
62:905  0:010    96DFE0FC: 'RSDT', 'TP-JB', Rev: 1, Len: 132 -> RSDT.aml
62:913  0:007    Tables in Xsdt: 24
62:913  0:000    0. 96DF8000: 'FACP', 'TP-JB', Rev: 5, Len: 268 -> FACP.aml
62:920  0:007        (Dsdt: 96DE3000, Facs: 96D68000, XDsdt: 96DE3000, XFacs: 0)
62:920  0:000        96DE3000: 'DSDT', 'TP-JB', Rev: 2, Len: 69541 -> DSDT.aml
62:929  0:008        96D68000: 'FACS', Ver: 2, Len: 64 -> FACS.aml
62:937  0:007    1. 96DFD000: 'SLIC', 'TP-JB', Rev: 1, Len: 374 -> SLIC.aml
62:947  0:010    2. 96DFC000: 'ASF!', 'TP-JB', Rev: 32, Len: 165 -> ASF!.aml
62:955  0:007    3. 96DFB000: 'HPET', 'TP-JB', Rev: 1, Len: 56 -> HPET.aml
62:963  0:007    4. 96DFA000: 'ECDT', 'TP-JB', Rev: 1, Len: 82 -> ECDT.aml
62:971  0:007    5. 96DF7000: 'APIC', 'TP-JB', Rev: 1, Len: 152 -> APIC.aml
62:979  0:008    6. 96DF6000: 'MCFG', 'TP-JB', Rev: 1, Len: 60 -> MCFG.aml
62:987  0:007    7. 96DF5000: 'SSDT', 'TP-SSDT1', Rev: 1, Len: 51 -> SSDT-0.aml
62:995  0:007    8. 96DF4000: 'SSDT', 'TP-SSDT2', Rev: 1, Len: 1158 -> SSDT-1.aml
63:002  0:007    9. 96DE2000: 'SSDT', 'SataAhci', Rev: 1, Len: 2507 -> SSDT-2.aml
63:010  0:007    10. 96DE1000: 'SSDT', 'Rmv_Batt', Rev: 1, Len: 338 -> SSDT-3.aml
63:017  0:007    11. 96DE0000: 'SSDT', 'Cpu0Ist', Rev: 1, Len: 1737 -> SSDT-4.aml
63:025  0:007    12. 96DDF000: 'SSDT', 'CpuSsdt', Rev: 2, Len: 2932 -> SSDT-5.aml
63:033  0:007    13. 96DDE000: 'SSDT', 'CtdpB', Rev: 2, Len: 873 -> SSDT-6.aml
63:040  0:007    14. 96DDC000: 'SSDT', 'SaSsdt', Rev: 1, Len: 5237 -> SSDT-7.aml
63:048  0:007    15. 96DDB000: 'SSDT', 'CppcTabl', Rev: 2, Len: 916 -> SSDT-8.aml
63:056  0:007    16. 96DDA000: 'PCCT', 'TP-JB', Rev: 5, Len: 110 -> PCCT.aml
63:063  0:007    17. 96DD9000: 'SSDT', 'Cpc_Tabl', Rev: 2, Len: 2756 -> SSDT-9.aml
63:071  0:007    18. 96DD8000: 'UEFI', 'TP-JB', Rev: 1, Len: 66 -> UEFI.aml
63:079  0:007    19. 96D42000: 'MSDM', 'TP-JB', Rev: 3, Len: 85 -> MSDM.aml
63:087  0:007    20. 96DD7000: 'BATB', 'TP-JB', Rev: 2, Len: 74 -> BATB.aml
63:095  0:007    21. 96DD6000: 'FPDT', 'TP-JB', Rev: 1, Len: 100 -> FPDT.aml
63:103  0:008    22. 96DD5000: 'UEFI', 'TP-JB', Rev: 1, Len: 798 -> UEFI.aml
63:111  0:007    23. 96DD4000: 'BGRT', 'TP-JB', Rev: 1, Len: 56 -> BGRT.aml
63:119  0:007    Tables in Rsdt: 24
63:119  0:000    0. 96DF8000: 'FACP', 'TP-JB', Rev: 5, Len: 268
63:119  0:000        (Dsdt: 96DE3000, Facs: 96D68000, XDsdt: 96DE3000, XFacs: 0)
63:119  0:000        96DE3000: 'DSDT', 'TP-JB', Rev: 2, Len: 69541
63:119  0:000        96D68000: 'FACS', Ver: 2, Len: 64
63:119  0:000    1. 96DFD000: 'SLIC', 'TP-JB', Rev: 1, Len: 374
63:119  0:000    2. 96DFC000: 'ASF!', 'TP-JB', Rev: 32, Len: 165
63:119  0:000    3. 96DFB000: 'HPET', 'TP-JB', Rev: 1, Len: 56
63:119  0:000    4. 96DFA000: 'ECDT', 'TP-JB', Rev: 1, Len: 82
63:119  0:000    5. 96DF7000: 'APIC', 'TP-JB', Rev: 1, Len: 152
63:119  0:000    6. 96DF6000: 'MCFG', 'TP-JB', Rev: 1, Len: 60
63:119  0:000    7. 96DF5000: 'SSDT', 'TP-SSDT1', Rev: 1, Len: 51
63:119  0:000    8. 96DF4000: 'SSDT', 'TP-SSDT2', Rev: 1, Len: 1158
63:119  0:000    9. 96DE2000: 'SSDT', 'SataAhci', Rev: 1, Len: 2507
63:119  0:000    10. 96DE1000: 'SSDT', 'Rmv_Batt', Rev: 1, Len: 338
63:119  0:000    11. 96DE0000: 'SSDT', 'Cpu0Ist', Rev: 1, Len: 1737
63:119  0:000    12. 96DDF000: 'SSDT', 'CpuSsdt', Rev: 2, Len: 2932
63:119  0:000    13. 96DDE000: 'SSDT', 'CtdpB', Rev: 2, Len: 873
63:119  0:000    14. 96DDC000: 'SSDT', 'SaSsdt', Rev: 1, Len: 5237
63:119  0:000    15. 96DDB000: 'SSDT', 'CppcTabl', Rev: 2, Len: 916
63:119  0:000    16. 96DDA000: 'PCCT', 'TP-JB', Rev: 5, Len: 110
63:119  0:000    17. 96DD9000: 'SSDT', 'Cpc_Tabl', Rev: 2, Len: 2756
63:119  0:000    18. 96DD8000: 'UEFI', 'TP-JB', Rev: 1, Len: 66
63:119  0:000    19. 96D42000: 'MSDM', 'TP-JB', Rev: 3, Len: 85
63:119  0:000    20. 96DD7000: 'BATB', 'TP-JB', Rev: 2, Len: 74
63:119  0:000    21. 96DD6000: 'FPDT', 'TP-JB', Rev: 1, Len: 100
63:119  0:000    22. 96DD5000: 'UEFI', 'TP-JB', Rev: 1, Len: 798
63:119  0:000    23. 96DD4000: 'BGRT', 'TP-JB', Rev: 1, Len: 56
63:119  0:000  Found UEFI Acpi 1.0 RSDP at 96DFE000
63:119  0:000  Printing ACPI tables from RSDP 96DFE000 ...
63:119  0:000   96DFE000: 'RSD PTR ', Rev: 0 (Acpi 1.0), Len: 20
63:119  0:000    (Rsdt: 96DFE038)
63:119  0:000    96DFE038: 'RSDT', 'TP-JB', Rev: 1, Len: 128
63:119  0:000    Tables in Rsdt: 23
63:119  0:000    0. 96DF9000: 'FACP', 'TP-JB', Rev: 1, Len: 116
63:119  0:000        (Dsdt: 96DE3000, Facs: 96D68000)
63:119  0:000        96DE3000: 'DSDT', 'TP-JB', Rev: 2, Len: 69541
63:119  0:000        96D68000: 'FACS', Ver: 2, Len: 64
63:119  0:000    1. 96DFC000: 'ASF!', 'TP-JB', Rev: 32, Len: 165
63:119  0:000    2. 96DFB000: 'HPET', 'TP-JB', Rev: 1, Len: 56
63:119  0:000    3. 96DFA000: 'ECDT', 'TP-JB', Rev: 1, Len: 82
63:119  0:000    4. 96DF7000: 'APIC', 'TP-JB', Rev: 1, Len: 152
63:119  0:000    5. 96DF6000: 'MCFG', 'TP-JB', Rev: 1, Len: 60
63:119  0:000    6. 96DF5000: 'SSDT', 'TP-SSDT1', Rev: 1, Len: 51
63:119  0:000    7. 96DF4000: 'SSDT', 'TP-SSDT2', Rev: 1, Len: 1158
63:119  0:000    8. 96DE2000: 'SSDT', 'SataAhci', Rev: 1, Len: 2507
63:119  0:000    9. 96DE1000: 'SSDT', 'Rmv_Batt', Rev: 1, Len: 338
63:119  0:000    10. 96DE0000: 'SSDT', 'Cpu0Ist', Rev: 1, Len: 1737
63:119  0:000    11. 96DDF000: 'SSDT', 'CpuSsdt', Rev: 2, Len: 2932
63:119  0:000    12. 96DDE000: 'SSDT', 'CtdpB', Rev: 2, Len: 873
63:119  0:000    13. 96DDC000: 'SSDT', 'SaSsdt', Rev: 1, Len: 5237
63:119  0:000    14. 96DDB000: 'SSDT', 'CppcTabl', Rev: 2, Len: 916
63:119  0:000    15. 96DDA000: 'PCCT', 'TP-JB', Rev: 5, Len: 110
63:119  0:000    16. 96DD9000: 'SSDT', 'Cpc_Tabl', Rev: 2, Len: 2756
63:119  0:000    17. 96DD8000: 'UEFI', 'TP-JB', Rev: 1, Len: 66
63:119  0:000    18. 96D42000: 'MSDM', 'TP-JB', Rev: 3, Len: 85
63:119  0:000    19. 96DD7000: 'BATB', 'TP-JB', Rev: 2, Len: 74
63:119  0:000    20. 96DD6000: 'FPDT', 'TP-JB', Rev: 1, Len: 100
63:120  0:000    21. 96DD5000: 'UEFI', 'TP-JB', Rev: 1, Len: 798
63:120  0:000    22. 96DD4000: 'BGRT', 'TP-JB', Rev: 1, Len: 56
69:083  5:963  Found UEFI Acpi 2.0 RSDP at 96DFE014
69:083  0:000  Saving ACPI tables from RSDP 96DFE014 to EFI\CLOVER\ACPI\origin ...
69:083  0:000   96DFE014: 'RSD PTR ', Rev: 2 (Acpi 2.0 or newer), Len: 36
69:083  0:000    (Xsdt: 96DFE1C0, Rsdt: 96DFE0FC)
69:083  0:000    96DFE1C0: 'XSDT', 'TP-JB', Rev: 1, Len: 228
69:083  0:000    96DFE0FC: 'RSDT', 'TP-JB', Rev: 1, Len: 132
69:083  0:000    Tables in Xsdt: 24
69:083  0:000    0. 96DF8000: 'FACP', 'TP-JB', Rev: 5, Len: 268
69:083  0:000        (Dsdt: 96DE3000, Facs: 96D68000, XDsdt: 96DE3000, XFacs: 0)
69:083  0:000        96DE3000: 'DSDT', 'TP-JB', Rev: 2, Len: 69541
69:083  0:000        96D68000: 'FACS', Ver: 2, Len: 64
69:083  0:000    1. 96DFD000: 'SLIC', 'TP-JB', Rev: 1, Len: 374
69:083  0:000    2. 96DFC000: 'ASF!', 'TP-JB', Rev: 32, Len: 165
69:083  0:000    3. 96DFB000: 'HPET', 'TP-JB', Rev: 1, Len: 56
69:083  0:000    4. 96DFA000: 'ECDT', 'TP-JB', Rev: 1, Len: 82
69:083  0:000    5. 96DF7000: 'APIC', 'TP-JB', Rev: 1, Len: 152
69:083  0:000    6. 96DF6000: 'MCFG', 'TP-JB', Rev: 1, Len: 60
69:083  0:000    7. 96DF5000: 'SSDT', 'TP-SSDT1', Rev: 1, Len: 51
69:083  0:000    8. 96DF4000: 'SSDT', 'TP-SSDT2', Rev: 1, Len: 1158
69:083  0:000    9. 96DE2000: 'SSDT', 'SataAhci', Rev: 1, Len: 2507
69:083  0:000    10. 96DE1000: 'SSDT', 'Rmv_Batt', Rev: 1, Len: 338
69:083  0:000    11. 96DE0000: 'SSDT', 'Cpu0Ist', Rev: 1, Len: 1737
69:083  0:000    12. 96DDF000: 'SSDT', 'CpuSsdt', Rev: 2, Len: 2932
69:083  0:000    13. 96DDE000: 'SSDT', 'CtdpB', Rev: 2, Len: 873
69:083  0:000    14. 96DDC000: 'SSDT', 'SaSsdt', Rev: 1, Len: 5237
69:083  0:000    15. 96DDB000: 'SSDT', 'CppcTabl', Rev: 2, Len: 916
69:083  0:000    16. 96DDA000: 'PCCT', 'TP-JB', Rev: 5, Len: 110
69:083  0:000    17. 96DD9000: 'SSDT', 'Cpc_Tabl', Rev: 2, Len: 2756
69:083  0:000    18. 96DD8000: 'UEFI', 'TP-JB', Rev: 1, Len: 66
69:083  0:000    19. 96D42000: 'MSDM', 'TP-JB', Rev: 3, Len: 85
69:083  0:000    20. 96DD7000: 'BATB', 'TP-JB', Rev: 2, Len: 74
69:083  0:000    21. 96DD6000: 'FPDT', 'TP-JB', Rev: 1, Len: 100
69:083  0:000    22. 96DD5000: 'UEFI', 'TP-JB', Rev: 1, Len: 798
69:083  0:000    23. 96DD4000: 'BGRT', 'TP-JB', Rev: 1, Len: 56
69:083  0:000    Tables in Rsdt: 24
69:083  0:000    0. 96DF8000: 'FACP', 'TP-JB', Rev: 5, Len: 268
69:083  0:000        (Dsdt: 96DE3000, Facs: 96D68000, XDsdt: 96DE3000, XFacs: 0)
69:083  0:000        96DE3000: 'DSDT', 'TP-JB', Rev: 2, Len: 69541
69:083  0:000        96D68000: 'FACS', Ver: 2, Len: 64
69:083  0:000    1. 96DFD000: 'SLIC', 'TP-JB', Rev: 1, Len: 374
69:083  0:000    2. 96DFC000: 'ASF!', 'TP-JB', Rev: 32, Len: 165
69:083  0:000    3. 96DFB000: 'HPET', 'TP-JB', Rev: 1, Len: 56
69:083  0:000    4. 96DFA000: 'ECDT', 'TP-JB', Rev: 1, Len: 82
69:083  0:000    5. 96DF7000: 'APIC', 'TP-JB', Rev: 1, Len: 152
69:083  0:000    6. 96DF6000: 'MCFG', 'TP-JB', Rev: 1, Len: 60
69:083  0:000    7. 96DF5000: 'SSDT', 'TP-SSDT1', Rev: 1, Len: 51
69:083  0:000    8. 96DF4000: 'SSDT', 'TP-SSDT2', Rev: 1, Len: 1158
69:083  0:000    9. 96DE2000: 'SSDT', 'SataAhci', Rev: 1, Len: 2507
69:083  0:000    10. 96DE1000: 'SSDT', 'Rmv_Batt', Rev: 1, Len: 338
69:083  0:000    11. 96DE0000: 'SSDT', 'Cpu0Ist', Rev: 1, Len: 1737
69:083  0:000    12. 96DDF000: 'SSDT', 'CpuSsdt', Rev: 2, Len: 2932
69:083  0:000    13. 96DDE000: 'SSDT', 'CtdpB', Rev: 2, Len: 873
69:083  0:000    14. 96DDC000: 'SSDT', 'SaSsdt', Rev: 1, Len: 5237
69:083  0:000    15. 96DDB000: 'SSDT', 'CppcTabl', Rev: 2, Len: 916
69:083  0:000    16. 96DDA000: 'PCCT', 'TP-JB', Rev: 5, Len: 110
69:083  0:000    17. 96DD9000: 'SSDT', 'Cpc_Tabl', Rev: 2, Len: 2756
69:083  0:000    18. 96DD8000: 'UEFI', 'TP-JB', Rev: 1, Len: 66
69:083  0:000    19. 96D42000: 'MSDM', 'TP-JB', Rev: 3, Len: 85
69:083  0:000    20. 96DD7000: 'BATB', 'TP-JB', Rev: 2, Len: 74
69:083  0:000    21. 96DD6000: 'FPDT', 'TP-JB', Rev: 1, Len: 100
69:083  0:000    22. 96DD5000: 'UEFI', 'TP-JB', Rev: 1, Len: 798
69:083  0:000    23. 96DD4000: 'BGRT', 'TP-JB', Rev: 1, Len: 56
69:083  0:000  Found UEFI Acpi 1.0 RSDP at 96DFE000
69:083  0:000  Printing ACPI tables from RSDP 96DFE000 ...
69:083  0:000   96DFE000: 'RSD PTR ', Rev: 0 (Acpi 1.0), Len: 20
69:083  0:000    (Rsdt: 96DFE038)
69:083  0:000    96DFE038: 'RSDT', 'TP-JB', Rev: 1, Len: 128
69:083  0:000    Tables in Rsdt: 23
69:083  0:000    0. 96DF9000: 'FACP', 'TP-JB', Rev: 1, Len: 116
69:083  0:000        (Dsdt: 96DE3000, Facs: 96D68000)
69:083  0:000        96DE3000: 'DSDT', 'TP-JB', Rev: 2, Len: 69541
69:083  0:000        96D68000: 'FACS', Ver: 2, Len: 64
69:083  0:000    1. 96DFC000: 'ASF!', 'TP-JB', Rev: 32, Len: 165
69:083  0:000    2. 96DFB000: 'HPET', 'TP-JB', Rev: 1, Len: 56
69:083  0:000    3. 96DFA000: 'ECDT', 'TP-JB', Rev: 1, Len: 82
69:083  0:000    4. 96DF7000: 'APIC', 'TP-JB', Rev: 1, Len: 152
69:083  0:000    5. 96DF6000: 'MCFG', 'TP-JB', Rev: 1, Len: 60
69:083  0:000    6. 96DF5000: 'SSDT', 'TP-SSDT1', Rev: 1, Len: 51
69:083  0:000    7. 96DF4000: 'SSDT', 'TP-SSDT2', Rev: 1, Len: 1158
69:083  0:000    8. 96DE2000: 'SSDT', 'SataAhci', Rev: 1, Len: 2507
69:083  0:000    9. 96DE1000: 'SSDT', 'Rmv_Batt', Rev: 1, Len: 338
69:083  0:000    10. 96DE0000: 'SSDT', 'Cpu0Ist', Rev: 1, Len: 1737
69:083  0:000    11. 96DDF000: 'SSDT', 'CpuSsdt', Rev: 2, Len: 2932
69:083  0:000    12. 96DDE000: 'SSDT', 'CtdpB', Rev: 2, Len: 873
69:083  0:000    13. 96DDC000: 'SSDT', 'SaSsdt', Rev: 1, Len: 5237
69:083  0:000    14. 96DDB000: 'SSDT', 'CppcTabl', Rev: 2, Len: 916
69:083  0:000    15. 96DDA000: 'PCCT', 'TP-JB', Rev: 5, Len: 110
69:083  0:000    16. 96DD9000: 'SSDT', 'Cpc_Tabl', Rev: 2, Len: 2756
69:083  0:000    17. 96DD8000: 'UEFI', 'TP-JB', Rev: 1, Len: 66
69:083  0:000    18. 96D42000: 'MSDM', 'TP-JB', Rev: 3, Len: 85
69:083  0:000    19. 96DD7000: 'BATB', 'TP-JB', Rev: 2, Len: 74
69:083  0:000    20. 96DD6000: 'FPDT', 'TP-JB', Rev: 1, Len: 100
69:083  0:000    21. 96DD5000: 'UEFI', 'TP-JB', Rev: 1, Len: 798
69:083  0:000    22. 96DD4000: 'BGRT', 'TP-JB', Rev: 1, Len: 56
84:726  15:642  === [ FixBiosDsdt ] =======================================
84:726  0:000  Patching DSDT:
84:726  0:000   - [change _OSI to XOSI]: pattern 5F4F5349, patched at: [ (11FE) (4) (31) (25) (25) (21) (21) (21) (21) (21) (1A) ]
84:726  0:000   - [change _DSM to XDSM]: pattern 5F44534D, patched at: [ (738C) (CFB) (368) (35C) ]
84:727  0:000   - [change EHC1 to EH01]: pattern 45484331, patched at: [ (14D4) (8488) ]
84:727  0:000   - [Change XHCI to XHC]: pattern 58484349, patched at: [ (975) (2521) (11) (5B3B) (1EB) (8B) (4) (16) (4) (E07) (12) (41) (12) (4C) (12) (41) (12) (4C) (12) (41) (12) (4C) (12) (41) (12) (4C) (12) (41) (12) (4C) (12) (41) (12) (4C) (12) (41) (12) (B3) (1D) (41) (12) (53C3) (A) (4) (12) (17) (F) (10) (14) (14) (17) (F) (10) (14) (129) (A) (4) (12) (17) (F) (10) (14) (14) (17) (F) (10) (14) ]
84:727  0:000   - [change B0D3 to HDAU]: pattern 42304433, patched at: [ (7E92) ]
84:728  0:000   - [change IGBE to GLAN]: pattern 49474245, patched at: [ (7EA3) ]
84:728  0:000   - [Change SAT1 to SATA]: pattern 53415431, patched at: [ (1506) (740C) (189D) (16) (42) (18) (35) (18) (3E) (18) ]
84:728  0:000   - [change PCI0.VID to IGPU #1 (Thinkpad)]: pattern 50434930, patched at: [ (1451) (3976) (11) (69B) (D) (D2) (DE4) (4844) (E5) (A7) (57) (1C) (4615) (2F) (3ED) (23) (576) (B) ]
84:729  0:000   - [change PCI0.VID to IGPU #2 (Thinkpad)]: pattern 5649445F, patched at: [ (3167) ]
84:729  0:000   - [Change Method(_PTS,1,N) to ZPTS]: pattern 5F505453, patched at: [ (EE53) ]
84:729  0:000   - [Change Method(XSEL,0,S) to XSEZ]: pattern 5853454C, bin not found / already patched!
84:730  0:000   - [Change Method(ESEL,0,S) to ESEZ]: pattern 4553454C, patched at: [ (8C83) ]
84:730  0:000   - [Change Method(_WAK,1,N) to ZWAK]: pattern 5F57414B, patched at: [ (F22A) ]
84:731  0:000   - [Instant Wake Fix 1(_PRW 0x6d, 0x03) to (0x6d, 0)]: pattern 1215030A, bin not found / already patched!
84:731  0:000   - [Instant Wake Fix 2(_PRW 0x6d, 0x04) to (0x6d, 0)]: pattern 1206020A, patched at: [ (7EC4) ]
84:731  0:000   - [Change Method(GBIF,3,N) to XBIF]: pattern 47424946, patched at: [ (5A1D) ]
84:731  0:000   - [Change Method(GBST,4,N) to XBST]: pattern 47425354, patched at: [ (5B86) ]
84:731  0:000   - [Change Method(L0D,0,N) to XL0D]: pattern 5F4C3044, patched at: [ (FBCD) ]
84:732  0:000   - [Change Notify(BAT0, 0x80) to BATC]: pattern 86424154, patched at: [ (57C4) (2A) (BE) ]
84:732  0:000   - [Change Notify(BAT0, 0x81) to BATC]: pattern 86424154, patched at: [ (57E3) ]
84:732  0:000   - [Change Notify(BAT1, 0x80) to BATC]: pattern 86424154, patched at: [ (57D1) (D0) (35) ]
84:732  0:000   - [Change Notfiy(_SB.PCI0.LPC.EC.BAT1, 0x01) to BATC]: pattern 865C2F05, bin not found / already patched!
84:732  0:000   - [Change Notfiy(_SB.PCI0.LPC.EC.BAT1, 0x03) to BATC]: pattern 865C2F05, patched at: [ (5876) ]
84:733  0:000   - [Change Method(_Q15,0,N) to XQ15]: pattern 5F513135, patched at: [ (AC44) ]
84:733  0:000   - [Change Method(_Q14,0,N) to XQ14]: pattern 5F513134, patched at: [ (AB59) ]
84:733  0:000   - [Change Method(_Q6A,0,N) to XQ28]: disabled
84:733  0:000   - [Change Method(_Q16,0,N) to XQ19]: disabled
84:733  0:000   - [Change Method(_Q64,0,N) to XQ2A]: disabled
84:733  0:000   - [Change Method(_Q66,0,N) to XQ66]: disabled
84:733  0:000   - [Change Method(_Q67,0,N) to XQ67]: disabled
84:733  0:000   - [Change Method(_Q68,0,N) to XQ68]: disabled
84:733  0:000   - [Change Method(_Q69,0,N) to XQ69]: disabled
84:733  0:000  Name: EXP1, Bridge: PCI0, Replace: RP01
84:734  0:000  Name: EXP2, Bridge: PCI0, Replace: RP02
84:734  0:000  Name: EXP3, Bridge: PCI0, Replace: RP03
84:734  0:000    27 replacements
84:736  0:001  found RTC Length not match, Maybe will cause CMOS reset, will patch it.
84:736  0:000  found RTC had IRQNoFlag will move -3 bytes
84:736  0:000  found PIC had IRQNoFlag will move -3 bytes
84:737  0:000  Start HPET Fix
84:740  0:003  Start Mutex Fix
84:740  0:000  no _PTS???
84:748  0:007  DSDT saved to EFI\CLOVER\ACPI\origin\DSDT-402600D4.aml
91:610  6:862  BootVariable of the entry is empty
91:610  0:000  === [ StartLoader ] =======================================
91:610  0:000  Finally: ExternalClock=25MHz BusSpeed=99770kHz CPUFreq=2594MHz PIS: hw.busfrequency=100000000Hz
91:610  0:000  Loading boot.efi  status=Success
91:743  0:133  GetOSVersion: 10.14.5 (18F132)
91:743  0:000  CSR_CFG: CSR_ALLOW_UNTRUSTED_KEXTS | CSR_ALLOW_UNRESTRICTED_FS | CSR_ALLOW_TASK_FOR_PID | CSR_ALLOW_UNRESTRICTED_DTRACE | CSR_ALLOW_UNRESTRICTED_NVRAM
91:743  0:000  Filtering KextPatches:
91:743  0:000   - [00]: AppleHDA (ALC3232 Zeroing 0883) :: BinPatch :: [OS: 10.14.5 | MatchOS: All | MatchBuild: All] ==> disabled by user
91:743  0:000   - [01]: AppleHDA (ALC3232 Zeroing 0884) :: BinPatch :: [OS: 10.14.5 | MatchOS: All | MatchBuild: All] ==> disabled by user
91:743  0:000   - [02]: AppleHDA (ALC3232 Zeroing 1983) :: BinPatch :: [OS: 10.14.5 | MatchOS: All | MatchBuild: All] ==> disabled by user
91:743  0:000   - [03]: AppleHDA (ALC3232 Patch 11d41984 with 10ec0292 codec) :: BinPatch :: [OS: 10.14.5 | MatchOS: All | MatchBuild: All] ==> disabled by user
91:743  0:000   - [04]: com.apple.driver.AppleIntelBDWGraphicsFramebuffer (Enable 128MB DVMT-prealloc, 48MB framebuffer, 48MB cursor bytes, 0x0a260006) :: BinPatch :: [OS: 10.14.5 | MatchOS: All | MatchBuild: All] ==> disabled by user
91:743  0:000   - [05]: com.apple.driver.AppleIntelBDWGraphicsFramebuffer (MiniDP-audio, port 0105(12), 0x0a260006) :: BinPatch :: [OS: 10.14.5 | MatchOS: All | MatchBuild: All] ==> disabled by user
91:744  0:000  Filtering KernelPatches:
91:744  0:000   - [00]: MSR 0xE2 _xcpm_idle instant reboot(c) Pike R. Alpha :: [OS: 10.14.5 | MatchOS: All | MatchBuild: no] ==> allowed by OS
91:744  0:000  Will not patch boot.efi
91:744  0:000  === [ PatchSmbios ] =======================================
91:744  0:000  insert table 9 for dev 19:0
91:744  0:000  insert table 9 for dev 0:0
91:746  0:002  Injecting user memory modules to SMBIOS
91:746  0:000  Channels: 1
91:746  0:000  Interleave: 0 1 2 3 4 5 6 7 8 9 10 11 12 13 14 15 16 17 18 19 20 21 22 23
91:746  0:000  BANK 0 DIMM0 1600MHz 8192MB
91:746  0:000  BANK 1 DIMM1 1600MHz 8192MB
91:746  0:000  mTotalSystemMemory = 16384
91:746  0:000  NumberOfMemoryDevices = 2
91:746  0:000  Table 131 is present, CPUType=35
91:746  0:000  Change to: 706
91:746  0:000  Table 133 is present, PlatformFeature=4F484B01
91:746  0:000  Change to: 2
91:746  0:000  === [ PatchACPI ] =========================================
91:746  0:000  Xsdt reallocation done
91:746  0:000  old FADT length=10C
91:746  0:000   SignatureFixup: 0xAFB49C -> 0x0
91:747  0:000  Apply DsdtFixMask=0x402600D4
91:747  0:000     drop _DSM mask=0xFFFF
91:747  0:000  === [ FixBiosDsdt ] =======================================
91:747  0:000  Patching DSDT:
91:747  0:000   - [change _OSI to XOSI]: pattern 5F4F5349, patched at: [ (11FE) (4) (31) (25) (25) (21) (21) (21) (21) (21) (1A) ]
91:748  0:000   - [change _DSM to XDSM]: pattern 5F44534D, patched at: [ (738C) (CFB) (368) (35C) ]
91:748  0:000   - [change EHC1 to EH01]: pattern 45484331, patched at: [ (14D4) (8488) ]
91:748  0:000   - [Change XHCI to XHC]: pattern 58484349, patched at: [ (975) (2521) (11) (5B3B) (1EB) (8B) (4) (16) (4) (E07) (12) (41) (12) (4C) (12) (41) (12) (4C) (12) (41) (12) (4C) (12) (41) (12) (4C) (12) (41) (12) (4C) (12) (41) (12) (4C) (12) (41) (12) (B3) (1D) (41) (12) (53C3) (A) (4) (12) (17) (F) (10) (14) (14) (17) (F) (10) (14) (129) (A) (4) (12) (17) (F) (10) (14) (14) (17) (F) (10) (14) ]
91:749  0:000   - [change B0D3 to HDAU]: pattern 42304433, patched at: [ (7E92) ]
91:749  0:000   - [change IGBE to GLAN]: pattern 49474245, patched at: [ (7EA3) ]
91:749  0:000   - [Change SAT1 to SATA]: pattern 53415431, patched at: [ (1506) (740C) (189D) (16) (42) (18) (35) (18) (3E) (18) ]
91:749  0:000   - [change PCI0.VID to IGPU #1 (Thinkpad)]: pattern 50434930, patched at: [ (1451) (3976) (11) (69B) (D) (D2) (DE4) (4844) (E5) (A7) (57) (1C) (4615) (2F) (3ED) (23) (576) (B) ]
91:750  0:000   - [change PCI0.VID to IGPU #2 (Thinkpad)]: pattern 5649445F, patched at: [ (3167) ]
91:750  0:000   - [Change Method(_PTS,1,N) to ZPTS]: pattern 5F505453, patched at: [ (EE53) ]
91:750  0:000   - [Change Method(XSEL,0,S) to XSEZ]: pattern 5853454C, bin not found / already patched!
91:751  0:000   - [Change Method(ESEL,0,S) to ESEZ]: pattern 4553454C, patched at: [ (8C83) ]
91:751  0:000   - [Change Method(_WAK,1,N) to ZWAK]: pattern 5F57414B, patched at: [ (F22A) ]
91:751  0:000   - [Instant Wake Fix 1(_PRW 0x6d, 0x03) to (0x6d, 0)]: pattern 1215030A, bin not found / already patched!
91:751  0:000   - [Instant Wake Fix 2(_PRW 0x6d, 0x04) to (0x6d, 0)]: pattern 1206020A, patched at: [ (7EC4) ]
91:751  0:000   - [Change Method(GBIF,3,N) to XBIF]: pattern 47424946, patched at: [ (5A1D) ]
91:752  0:000   - [Change Method(GBST,4,N) to XBST]: pattern 47425354, patched at: [ (5B86) ]
91:752  0:000   - [Change Method(L0D,0,N) to XL0D]: pattern 5F4C3044, patched at: [ (FBCD) ]
91:752  0:000   - [Change Notify(BAT0, 0x80) to BATC]: pattern 86424154, patched at: [ (57C4) (2A) (BE) ]
91:752  0:000   - [Change Notify(BAT0, 0x81) to BATC]: pattern 86424154, patched at: [ (57E3) ]
91:753  0:000   - [Change Notify(BAT1, 0x80) to BATC]: pattern 86424154, patched at: [ (57D1) (D0) (35) ]
91:753  0:000   - [Change Notfiy(_SB.PCI0.LPC.EC.BAT1, 0x01) to BATC]: pattern 865C2F05, bin not found / already patched!
91:753  0:000   - [Change Notfiy(_SB.PCI0.LPC.EC.BAT1, 0x03) to BATC]: pattern 865C2F05, patched at: [ (5876) ]
91:753  0:000   - [Change Method(_Q15,0,N) to XQ15]: pattern 5F513135, patched at: [ (AC44) ]
91:753  0:000   - [Change Method(_Q14,0,N) to XQ14]: pattern 5F513134, patched at: [ (AB59) ]
91:754  0:000   - [Change Method(_Q6A,0,N) to XQ28]: disabled
91:754  0:000   - [Change Method(_Q16,0,N) to XQ19]: disabled
91:754  0:000   - [Change Method(_Q64,0,N) to XQ2A]: disabled
91:754  0:000   - [Change Method(_Q66,0,N) to XQ66]: disabled
91:754  0:000   - [Change Method(_Q67,0,N) to XQ67]: disabled
91:754  0:000   - [Change Method(_Q68,0,N) to XQ68]: disabled
91:754  0:000   - [Change Method(_Q69,0,N) to XQ69]: disabled
91:754  0:000  Name: EXP1, Bridge: PCI0, Replace: RP01
91:754  0:000  Name: EXP2, Bridge: PCI0, Replace: RP02
91:754  0:000  Name: EXP3, Bridge: PCI0, Replace: RP03
91:755  0:000    27 replacements
91:756  0:001  found RTC Length not match, Maybe will cause CMOS reset, will patch it.
91:756  0:000  found RTC had IRQNoFlag will move -3 bytes
91:757  0:000  found PIC had IRQNoFlag will move -3 bytes
91:757  0:000  Start HPET Fix
91:760  0:003  Start Mutex Fix
91:761  0:000  no _PTS???
91:761  0:000  PreCleanup XSDT: count=24, length=228
91:761  0:000  PreCleanup XSDT, corrected XSDT: count=24, length=228
91:761  0:000  === [ ACPIPatchedAML ] ====================================
91:761  0:000  AutoMerge pass 1
91:761  0:000  Unsorted
91:761  0:000  Inserting SSDT-XOSI.aml from EFI\CLOVER\ACPI\patched: ignore on pass 1
91:761  0:000  Inserting SSDT-UIAC.aml from EFI\CLOVER\ACPI\patched: ignore on pass 1
91:761  0:000  Inserting SSDT-PWRB.aml from EFI\CLOVER\ACPI\patched: ignore on pass 1
91:761  0:000  Inserting SSDT-PNLF.aml from EFI\CLOVER\ACPI\patched: ignore on pass 1
91:761  0:000  Inserting SSDT-MEM2.aml from EFI\CLOVER\ACPI\patched: ignore on pass 1
91:761  0:000  Inserting SSDT-DTGP.aml from EFI\CLOVER\ACPI\patched: ignore on pass 1
91:761  0:000  Inserting SSDT-IMEI.aml from EFI\CLOVER\ACPI\patched: ignore on pass 1
91:761  0:000  Inserting SSDT-MCHC.aml from EFI\CLOVER\ACPI\patched: ignore on pass 1
91:761  0:000  Inserting SSDT-DMAC.aml from EFI\CLOVER\ACPI\patched: ignore on pass 1
91:761  0:000  Inserting SSDT-ASTP.aml from EFI\CLOVER\ACPI\patched: ignore on pass 1
91:761  0:000  Inserting SSDT-DHCI.aml from EFI\CLOVER\ACPI\patched: ignore on pass 1
91:761  0:000  Inserting SSDT-SMBU.aml from EFI\CLOVER\ACPI\patched: ignore on pass 1
91:761  0:000  Inserting SSDT-BATT.aml from EFI\CLOVER\ACPI\patched: ignore on pass 1
91:761  0:000  Inserting SSDT-ALC3.aml from EFI\CLOVER\ACPI\patched: ignore on pass 1
91:761  0:000  Inserting SSDT-HPET.aml from EFI\CLOVER\ACPI\patched: ignore on pass 1
91:761  0:000  === [ ACPIDropTables ] ====================================
91:761  0:000  0. [change _OSI to XOSI]: pattern 5F4F5349, bin not found / already patched!
91:761  0:000  1. [change _DSM to XDSM]: pattern 5F44534D, bin not found / already patched!
91:761  0:000  2. [change EHC1 to EH01]: pattern 45484331, bin not found / already patched!
91:761  0:000  3. [Change XHCI to XHC]: pattern 58484349, bin not found / already patched!
91:761  0:000  4. [change B0D3 to HDAU]: pattern 42304433, bin not found / already patched!
91:761  0:000  5. [change IGBE to GLAN]: pattern 49474245, bin not found / already patched!
91:761  0:000  6. [Change SAT1 to SATA]: pattern 53415431, bin not found / already patched!
91:761  0:000  7. [change PCI0.VID to IGPU #1 (Thinkpad)]: pattern 50434930, bin not found / already patched!
91:761  0:000  8. [change PCI0.VID to IGPU #2 (Thinkpad)]: pattern 5649445F, bin not found / already patched!
91:761  0:000  9. [Change Method(_PTS,1,N) to ZPTS]: pattern 5F505453, bin not found / already patched!
91:761  0:000  10. [Change Method(XSEL,0,S) to XSEZ]: pattern 5853454C, bin not found / already patched!
91:761  0:000  11. [Change Method(ESEL,0,S) to ESEZ]: pattern 4553454C, bin not found / already patched!
91:761  0:000  12. [Change Method(_WAK,1,N) to ZWAK]: pattern 5F57414B, bin not found / already patched!
91:761  0:000  13. [Instant Wake Fix 1(_PRW 0x6d, 0x03) to (0x6d, 0)]: pattern 1215030A, bin not found / already patched!
91:761  0:000  14. [Instant Wake Fix 2(_PRW 0x6d, 0x04) to (0x6d, 0)]: pattern 1206020A, bin not found / already patched!
91:761  0:000  15. [Change Method(GBIF,3,N) to XBIF]: pattern 47424946, bin not found / already patched!
91:761  0:000  16. [Change Method(GBST,4,N) to XBST]: pattern 47425354, bin not found / already patched!
91:761  0:000  17. [Change Method(L0D,0,N) to XL0D]: pattern 5F4C3044, bin not found / already patched!
91:761  0:000  18. [Change Notify(BAT0, 0x80) to BATC]: pattern 86424154, bin not found / already patched!
91:761  0:000  19. [Change Notify(BAT0, 0x81) to BATC]: pattern 86424154, bin not found / already patched!
91:761  0:000  20. [Change Notify(BAT1, 0x80) to BATC]: pattern 86424154, bin not found / already patched!
91:761  0:000  21. [Change Notfiy(_SB.PCI0.LPC.EC.BAT1, 0x01) to BATC]: pattern 865C2F05, the patch is too large!
91:761  0:000  22. [Change Notfiy(_SB.PCI0.LPC.EC.BAT1, 0x03) to BATC]: pattern 865C2F05, the patch is too large!
91:761  0:000  23. [Change Method(_Q15,0,N) to XQ15]: pattern 5F513135, bin not found / already patched!
91:761  0:000  24. [Change Method(_Q14,0,N) to XQ14]: pattern 5F513134, bin not found / already patched!
91:761  0:000  25. [Change Method(_Q6A,0,N) to XQ28]: disabled
91:761  0:000  26. [Change Method(_Q16,0,N) to XQ19]: disabled
91:761  0:000  27. [Change Method(_Q64,0,N) to XQ2A]: disabled
91:761  0:000  28. [Change Method(_Q66,0,N) to XQ66]: disabled
91:761  0:000  29. [Change Method(_Q67,0,N) to XQ67]: disabled
91:761  0:000  30. [Change Method(_Q68,0,N) to XQ68]: disabled
91:761  0:000  31. [Change Method(_Q69,0,N) to XQ69]: disabled
91:761  0:000  Name: EXP1, Bridge: PCI0, Replace: RP01
91:761  0:000  Name: EXP2, Bridge: PCI0, Replace: RP02
91:761  0:000  Name: EXP3, Bridge: PCI0, Replace: RP03
91:761  0:000    0 replacements
91:762  0:000  0. [change _OSI to XOSI]: pattern 5F4F5349, bin not found / already patched!
91:762  0:000  1. [change _DSM to XDSM]: pattern 5F44534D, bin not found / already patched!
91:762  0:000  2. [change EHC1 to EH01]: pattern 45484331, bin not found / already patched!
91:762  0:000  3. [Change XHCI to XHC]: pattern 58484349, bin not found / already patched!
91:762  0:000  4. [change B0D3 to HDAU]: pattern 42304433, bin not found / already patched!
91:762  0:000  5. [change IGBE to GLAN]: pattern 49474245, bin not found / already patched!
91:762  0:000  6. [Change SAT1 to SATA]: pattern 53415431, bin not found / already patched!
91:762  0:000  7. [change PCI0.VID to IGPU #1 (Thinkpad)]: pattern 50434930, patched at: [ (29) (3F) (C) (110) (202) (7F) ]
91:762  0:000  8. [change PCI0.VID to IGPU #2 (Thinkpad)]: pattern 5649445F, bin not found / already patched!
91:762  0:000  9. [Change Method(_PTS,1,N) to ZPTS]: pattern 5F505453, bin not found / already patched!
91:762  0:000  10. [Change Method(XSEL,0,S) to XSEZ]: pattern 5853454C, bin not found / already patched!
91:762  0:000  11. [Change Method(ESEL,0,S) to ESEZ]: pattern 4553454C, bin not found / already patched!
91:762  0:000  12. [Change Method(_WAK,1,N) to ZWAK]: pattern 5F57414B, bin not found / already patched!
91:762  0:000  13. [Instant Wake Fix 1(_PRW 0x6d, 0x03) to (0x6d, 0)]: pattern 1215030A, bin not found / already patched!
91:762  0:000  14. [Instant Wake Fix 2(_PRW 0x6d, 0x04) to (0x6d, 0)]: pattern 1206020A, bin not found / already patched!
91:762  0:000  15. [Change Method(GBIF,3,N) to XBIF]: pattern 47424946, bin not found / already patched!
91:762  0:000  16. [Change Method(GBST,4,N) to XBST]: pattern 47425354, bin not found / already patched!
91:762  0:000  17. [Change Method(L0D,0,N) to XL0D]: pattern 5F4C3044, bin not found / already patched!
91:762  0:000  18. [Change Notify(BAT0, 0x80) to BATC]: pattern 86424154, bin not found / already patched!
91:762  0:000  19. [Change Notify(BAT0, 0x81) to BATC]: pattern 86424154, bin not found / already patched!
91:762  0:000  20. [Change Notify(BAT1, 0x80) to BATC]: pattern 86424154, bin not found / already patched!
91:762  0:000  21. [Change Notfiy(_SB.PCI0.LPC.EC.BAT1, 0x01) to BATC]: pattern 865C2F05, bin not found / already patched!
91:762  0:000  22. [Change Notfiy(_SB.PCI0.LPC.EC.BAT1, 0x03) to BATC]: pattern 865C2F05, bin not found / already patched!
91:762  0:000  23. [Change Method(_Q15,0,N) to XQ15]: pattern 5F513135, bin not found / already patched!
91:762  0:000  24. [Change Method(_Q14,0,N) to XQ14]: pattern 5F513134, bin not found / already patched!
91:762  0:000  25. [Change Method(_Q6A,0,N) to XQ28]: disabled
91:762  0:000  26. [Change Method(_Q16,0,N) to XQ19]: disabled
91:762  0:000  27. [Change Method(_Q64,0,N) to XQ2A]: disabled
91:762  0:000  28. [Change Method(_Q66,0,N) to XQ66]: disabled
91:762  0:000  29. [Change Method(_Q67,0,N) to XQ67]: disabled
91:762  0:000  30. [Change Method(_Q68,0,N) to XQ68]: disabled
91:762  0:000  31. [Change Method(_Q69,0,N) to XQ69]: disabled
91:762  0:000  Name: EXP1, Bridge: PCI0, Replace: RP01
91:762  0:000  Name: EXP2, Bridge: PCI0, Replace: RP02
91:762  0:000  Name: EXP3, Bridge: PCI0, Replace: RP03
91:762  0:000    0 replacements
91:762  0:000  0. [change _OSI to XOSI]: pattern 5F4F5349, bin not found / already patched!
91:762  0:000  1. [change _DSM to XDSM]: pattern 5F44534D, bin not found / already patched!
91:762  0:000  2. [change EHC1 to EH01]: pattern 45484331, bin not found / already patched!
91:762  0:000  3. [Change XHCI to XHC]: pattern 58484349, bin not found / already patched!
91:762  0:000  4. [change B0D3 to HDAU]: pattern 42304433, bin not found / already patched!
91:762  0:000  5. [change IGBE to GLAN]: pattern 49474245, bin not found / already patched!
91:762  0:000  6. [Change SAT1 to SATA]: pattern 53415431, patched at: [ (1E) ]
91:762  0:000  7. [change PCI0.VID to IGPU #1 (Thinkpad)]: pattern 50434930, bin not found / already patched!
91:762  0:000  8. [change PCI0.VID to IGPU #2 (Thinkpad)]: pattern 5649445F, bin not found / already patched!
91:762  0:000  9. [Change Method(_PTS,1,N) to ZPTS]: pattern 5F505453, bin not found / already patched!
91:762  0:000  10. [Change Method(XSEL,0,S) to XSEZ]: pattern 5853454C, bin not found / already patched!
91:762  0:000  11. [Change Method(ESEL,0,S) to ESEZ]: pattern 4553454C, bin not found / already patched!
91:762  0:000  12. [Change Method(_WAK,1,N) to ZWAK]: pattern 5F57414B, bin not found / already patched!
91:762  0:000  13. [Instant Wake Fix 1(_PRW 0x6d, 0x03) to (0x6d, 0)]: pattern 1215030A, bin not found / already patched!
91:762  0:000  14. [Instant Wake Fix 2(_PRW 0x6d, 0x04) to (0x6d, 0)]: pattern 1206020A, bin not found / already patched!
91:762  0:000  15. [Change Method(GBIF,3,N) to XBIF]: pattern 47424946, bin not found / already patched!
91:762  0:000  16. [Change Method(GBST,4,N) to XBST]: pattern 47425354, bin not found / already patched!
91:762  0:000  17. [Change Method(L0D,0,N) to XL0D]: pattern 5F4C3044, bin not found / already patched!
91:762  0:000  18. [Change Notify(BAT0, 0x80) to BATC]: pattern 86424154, bin not found / already patched!
91:762  0:000  19. [Change Notify(BAT0, 0x81) to BATC]: pattern 86424154, bin not found / already patched!
91:762  0:000  20. [Change Notify(BAT1, 0x80) to BATC]: pattern 86424154, bin not found / already patched!
91:762  0:000  21. [Change Notfiy(_SB.PCI0.LPC.EC.BAT1, 0x01) to BATC]: pattern 865C2F05, bin not found / already patched!
91:762  0:000  22. [Change Notfiy(_SB.PCI0.LPC.EC.BAT1, 0x03) to BATC]: pattern 865C2F05, bin not found / already patched!
91:762  0:000  23. [Change Method(_Q15,0,N) to XQ15]: pattern 5F513135, bin not found / already patched!
91:762  0:000  24. [Change Method(_Q14,0,N) to XQ14]: pattern 5F513134, bin not found / already patched!
91:762  0:000  25. [Change Method(_Q6A,0,N) to XQ28]: disabled
91:762  0:000  26. [Change Method(_Q16,0,N) to XQ19]: disabled
91:762  0:000  27. [Change Method(_Q64,0,N) to XQ2A]: disabled
91:762  0:000  28. [Change Method(_Q66,0,N) to XQ66]: disabled
91:762  0:000  29. [Change Method(_Q67,0,N) to XQ67]: disabled
91:762  0:000  30. [Change Method(_Q68,0,N) to XQ68]: disabled
91:762  0:000  31. [Change Method(_Q69,0,N) to XQ69]: disabled
91:762  0:000  Name: EXP1, Bridge: PCI0, Replace: RP01
91:762  0:000  Name: EXP2, Bridge: PCI0, Replace: RP02
91:762  0:000  Name: EXP3, Bridge: PCI0, Replace: RP03
91:762  0:000    0 replacements
91:762  0:000  0. [change _OSI to XOSI]: pattern 5F4F5349, bin not found / already patched!
91:762  0:000  1. [change _DSM to XDSM]: pattern 5F44534D, bin not found / already patched!
91:762  0:000  2. [change EHC1 to EH01]: pattern 45484331, bin not found / already patched!
91:762  0:000  3. [Change XHCI to XHC]: pattern 58484349, bin not found / already patched!
91:762  0:000  4. [change B0D3 to HDAU]: pattern 42304433, bin not found / already patched!
91:762  0:000  5. [change IGBE to GLAN]: pattern 49474245, bin not found / already patched!
91:762  0:000  6. [Change SAT1 to SATA]: pattern 53415431, bin not found / already patched!
91:762  0:000  7. [change PCI0.VID to IGPU #1 (Thinkpad)]: pattern 50434930, bin not found / already patched!
91:762  0:000  8. [change PCI0.VID to IGPU #2 (Thinkpad)]: pattern 5649445F, bin not found / already patched!
91:762  0:000  9. [Change Method(_PTS,1,N) to ZPTS]: pattern 5F505453, bin not found / already patched!
91:762  0:000  10. [Change Method(XSEL,0,S) to XSEZ]: pattern 5853454C, bin not found / already patched!
91:762  0:000  11. [Change Method(ESEL,0,S) to ESEZ]: pattern 4553454C, bin not found / already patched!
91:762  0:000  12. [Change Method(_WAK,1,N) to ZWAK]: pattern 5F57414B, bin not found / already patched!
91:762  0:000  13. [Instant Wake Fix 1(_PRW 0x6d, 0x03) to (0x6d, 0)]: pattern 1215030A, bin not found / already patched!
91:762  0:000  14. [Instant Wake Fix 2(_PRW 0x6d, 0x04) to (0x6d, 0)]: pattern 1206020A, bin not found / already patched!
91:762  0:000  15. [Change Method(GBIF,3,N) to XBIF]: pattern 47424946, bin not found / already patched!
91:762  0:000  16. [Change Method(GBST,4,N) to XBST]: pattern 47425354, bin not found / already patched!
91:762  0:000  17. [Change Method(L0D,0,N) to XL0D]: pattern 5F4C3044, bin not found / already patched!
91:762  0:000  18. [Change Notify(BAT0, 0x80) to BATC]: pattern 86424154, bin not found / already patched!
91:762  0:000  19. [Change Notify(BAT0, 0x81) to BATC]: pattern 86424154, bin not found / already patched!
91:762  0:000  20. [Change Notify(BAT1, 0x80) to BATC]: pattern 86424154, bin not found / already patched!
91:762  0:000  21. [Change Notfiy(_SB.PCI0.LPC.EC.BAT1, 0x01) to BATC]: pattern 865C2F05, bin not found / already patched!
91:762  0:000  22. [Change Notfiy(_SB.PCI0.LPC.EC.BAT1, 0x03) to BATC]: pattern 865C2F05, patched at: [ (BE) ]
91:762  0:000  23. [Change Method(_Q15,0,N) to XQ15]: pattern 5F513135, bin not found / already patched!
91:762  0:000  24. [Change Method(_Q14,0,N) to XQ14]: pattern 5F513134, bin not found / already patched!
91:763  0:000  25. [Change Method(_Q6A,0,N) to XQ28]: disabled
91:763  0:000  26. [Change Method(_Q16,0,N) to XQ19]: disabled
91:763  0:000  27. [Change Method(_Q64,0,N) to XQ2A]: disabled
91:763  0:000  28. [Change Method(_Q66,0,N) to XQ66]: disabled
91:763  0:000  29. [Change Method(_Q67,0,N) to XQ67]: disabled
91:763  0:000  30. [Change Method(_Q68,0,N) to XQ68]: disabled
91:763  0:000  31. [Change Method(_Q69,0,N) to XQ69]: disabled
91:763  0:000  Name: EXP1, Bridge: PCI0, Replace: RP01
91:763  0:000  Name: EXP2, Bridge: PCI0, Replace: RP02
91:763  0:000  Name: EXP3, Bridge: PCI0, Replace: RP03
91:763  0:000    0 replacements
91:763  0:000  0. [change _OSI to XOSI]: pattern 5F4F5349, bin not found / already patched!
91:763  0:000  1. [change _DSM to XDSM]: pattern 5F44534D, bin not found / already patched!
91:763  0:000  2. [change EHC1 to EH01]: pattern 45484331, bin not found / already patched!
91:763  0:000  3. [Change XHCI to XHC]: pattern 58484349, bin not found / already patched!
91:763  0:000  4. [change B0D3 to HDAU]: pattern 42304433, bin not found / already patched!
91:763  0:000  5. [change IGBE to GLAN]: pattern 49474245, bin not found / already patched!
91:763  0:000  6. [Change SAT1 to SATA]: pattern 53415431, bin not found / already patched!
91:763  0:000  7. [change PCI0.VID to IGPU #1 (Thinkpad)]: pattern 50434930, bin not found / already patched!
91:763  0:000  8. [change PCI0.VID to IGPU #2 (Thinkpad)]: pattern 5649445F, bin not found / already patched!
91:763  0:000  9. [Change Method(_PTS,1,N) to ZPTS]: pattern 5F505453, bin not found / already patched!
91:763  0:000  10. [Change Method(XSEL,0,S) to XSEZ]: pattern 5853454C, bin not found / already patched!
91:763  0:000  11. [Change Method(ESEL,0,S) to ESEZ]: pattern 4553454C, bin not found / already patched!
91:763  0:000  12. [Change Method(_WAK,1,N) to ZWAK]: pattern 5F57414B, bin not found / already patched!
91:763  0:000  13. [Instant Wake Fix 1(_PRW 0x6d, 0x03) to (0x6d, 0)]: pattern 1215030A, bin not found / already patched!
91:763  0:000  14. [Instant Wake Fix 2(_PRW 0x6d, 0x04) to (0x6d, 0)]: pattern 1206020A, bin not found / already patched!
91:763  0:000  15. [Change Method(GBIF,3,N) to XBIF]: pattern 47424946, bin not found / already patched!
91:763  0:000  16. [Change Method(GBST,4,N) to XBST]: pattern 47425354, bin not found / already patched!
91:763  0:000  17. [Change Method(L0D,0,N) to XL0D]: pattern 5F4C3044, bin not found / already patched!
91:763  0:000  18. [Change Notify(BAT0, 0x80) to BATC]: pattern 86424154, bin not found / already patched!
91:763  0:000  19. [Change Notify(BAT0, 0x81) to BATC]: pattern 86424154, bin not found / already patched!
91:763  0:000  20. [Change Notify(BAT1, 0x80) to BATC]: pattern 86424154, bin not found / already patched!
91:763  0:000  21. [Change Notfiy(_SB.PCI0.LPC.EC.BAT1, 0x01) to BATC]: pattern 865C2F05, bin not found / already patched!
91:763  0:000  22. [Change Notfiy(_SB.PCI0.LPC.EC.BAT1, 0x03) to BATC]: pattern 865C2F05, bin not found / already patched!
91:763  0:000  23. [Change Method(_Q15,0,N) to XQ15]: pattern 5F513135, bin not found / already patched!
91:763  0:000  24. [Change Method(_Q14,0,N) to XQ14]: pattern 5F513134, bin not found / already patched!
91:763  0:000  25. [Change Method(_Q6A,0,N) to XQ28]: disabled
91:763  0:000  26. [Change Method(_Q16,0,N) to XQ19]: disabled
91:763  0:000  27. [Change Method(_Q64,0,N) to XQ2A]: disabled
91:763  0:000  28. [Change Method(_Q66,0,N) to XQ66]: disabled
91:763  0:000  29. [Change Method(_Q67,0,N) to XQ67]: disabled
91:763  0:000  30. [Change Method(_Q68,0,N) to XQ68]: disabled
91:763  0:000  31. [Change Method(_Q69,0,N) to XQ69]: disabled
91:763  0:000  Name: EXP1, Bridge: PCI0, Replace: RP01
91:763  0:000  Name: EXP2, Bridge: PCI0, Replace: RP02
91:763  0:000  Name: EXP3, Bridge: PCI0, Replace: RP03
91:763  0:000    0 replacements
91:763  0:000  0. [change _OSI to XOSI]: pattern 5F4F5349, bin not found / already patched!
91:763  0:000  1. [change _DSM to XDSM]: pattern 5F44534D, bin not found / already patched!
91:763  0:000  2. [change EHC1 to EH01]: pattern 45484331, bin not found / already patched!
91:763  0:000  3. [Change XHCI to XHC]: pattern 58484349, bin not found / already patched!
91:763  0:000  4. [change B0D3 to HDAU]: pattern 42304433, bin not found / already patched!
91:763  0:000  5. [change IGBE to GLAN]: pattern 49474245, bin not found / already patched!
91:763  0:000  6. [Change SAT1 to SATA]: pattern 53415431, bin not found / already patched!
91:763  0:000  7. [change PCI0.VID to IGPU #1 (Thinkpad)]: pattern 50434930, bin not found / already patched!
91:763  0:000  8. [change PCI0.VID to IGPU #2 (Thinkpad)]: pattern 5649445F, bin not found / already patched!
91:763  0:000  9. [Change Method(_PTS,1,N) to ZPTS]: pattern 5F505453, bin not found / already patched!
91:763  0:000  10. [Change Method(XSEL,0,S) to XSEZ]: pattern 5853454C, bin not found / already patched!
91:763  0:000  11. [Change Method(ESEL,0,S) to ESEZ]: pattern 4553454C, bin not found / already patched!
91:763  0:000  12. [Change Method(_WAK,1,N) to ZWAK]: pattern 5F57414B, bin not found / already patched!
91:763  0:000  13. [Instant Wake Fix 1(_PRW 0x6d, 0x03) to (0x6d, 0)]: pattern 1215030A, bin not found / already patched!
91:763  0:000  14. [Instant Wake Fix 2(_PRW 0x6d, 0x04) to (0x6d, 0)]: pattern 1206020A, bin not found / already patched!
91:763  0:000  15. [Change Method(GBIF,3,N) to XBIF]: pattern 47424946, bin not found / already patched!
91:763  0:000  16. [Change Method(GBST,4,N) to XBST]: pattern 47425354, bin not found / already patched!
91:763  0:000  17. [Change Method(L0D,0,N) to XL0D]: pattern 5F4C3044, bin not found / already patched!
91:763  0:000  18. [Change Notify(BAT0, 0x80) to BATC]: pattern 86424154, bin not found / already patched!
91:763  0:000  19. [Change Notify(BAT0, 0x81) to BATC]: pattern 86424154, bin not found / already patched!
91:763  0:000  20. [Change Notify(BAT1, 0x80) to BATC]: pattern 86424154, bin not found / already patched!
91:763  0:000  21. [Change Notfiy(_SB.PCI0.LPC.EC.BAT1, 0x01) to BATC]: pattern 865C2F05, bin not found / already patched!
91:763  0:000  22. [Change Notfiy(_SB.PCI0.LPC.EC.BAT1, 0x03) to BATC]: pattern 865C2F05, bin not found / already patched!
91:763  0:000  23. [Change Method(_Q15,0,N) to XQ15]: pattern 5F513135, bin not found / already patched!
91:763  0:000  24. [Change Method(_Q14,0,N) to XQ14]: pattern 5F513134, bin not found / already patched!
91:763  0:000  25. [Change Method(_Q6A,0,N) to XQ28]: disabled
91:763  0:000  26. [Change Method(_Q16,0,N) to XQ19]: disabled
91:763  0:000  27. [Change Method(_Q64,0,N) to XQ2A]: disabled
91:763  0:000  28. [Change Method(_Q66,0,N) to XQ66]: disabled
91:763  0:000  29. [Change Method(_Q67,0,N) to XQ67]: disabled
91:763  0:000  30. [Change Method(_Q68,0,N) to XQ68]: disabled
91:763  0:000  31. [Change Method(_Q69,0,N) to XQ69]: disabled
91:763  0:000  Name: EXP1, Bridge: PCI0, Replace: RP01
91:763  0:000  Name: EXP2, Bridge: PCI0, Replace: RP02
91:763  0:000  Name: EXP3, Bridge: PCI0, Replace: RP03
91:763  0:000    0 replacements
91:763  0:000  Found OperationRegion(PNVS, SystemMemory, 96D6AF98, ...)
91:764  0:000  0. [change _OSI to XOSI]: pattern 5F4F5349, bin not found / already patched!
91:764  0:000  1. [change _DSM to XDSM]: pattern 5F44534D, bin not found / already patched!
91:764  0:000  2. [change EHC1 to EH01]: pattern 45484331, bin not found / already patched!
91:764  0:000  3. [Change XHCI to XHC]: pattern 58484349, bin not found / already patched!
91:764  0:000  4. [change B0D3 to HDAU]: pattern 42304433, bin not found / already patched!
91:764  0:000  5. [change IGBE to GLAN]: pattern 49474245, bin not found / already patched!
91:764  0:000  6. [Change SAT1 to SATA]: pattern 53415431, bin not found / already patched!
91:764  0:000  7. [change PCI0.VID to IGPU #1 (Thinkpad)]: pattern 50434930, bin not found / already patched!
91:764  0:000  8. [change PCI0.VID to IGPU #2 (Thinkpad)]: pattern 5649445F, bin not found / already patched!
91:764  0:000  9. [Change Method(_PTS,1,N) to ZPTS]: pattern 5F505453, bin not found / already patched!
91:764  0:000  10. [Change Method(XSEL,0,S) to XSEZ]: pattern 5853454C, bin not found / already patched!
91:764  0:000  11. [Change Method(ESEL,0,S) to ESEZ]: pattern 4553454C, bin not found / already patched!
91:764  0:000  12. [Change Method(_WAK,1,N) to ZWAK]: pattern 5F57414B, bin not found / already patched!
91:764  0:000  13. [Instant Wake Fix 1(_PRW 0x6d, 0x03) to (0x6d, 0)]: pattern 1215030A, bin not found / already patched!
91:764  0:000  14. [Instant Wake Fix 2(_PRW 0x6d, 0x04) to (0x6d, 0)]: pattern 1206020A, bin not found / already patched!
91:764  0:000  15. [Change Method(GBIF,3,N) to XBIF]: pattern 47424946, bin not found / already patched!
91:764  0:000  16. [Change Method(GBST,4,N) to XBST]: pattern 47425354, bin not found / already patched!
91:764  0:000  17. [Change Method(L0D,0,N) to XL0D]: pattern 5F4C3044, bin not found / already patched!
91:764  0:000  18. [Change Notify(BAT0, 0x80) to BATC]: pattern 86424154, bin not found / already patched!
91:764  0:000  19. [Change Notify(BAT0, 0x81) to BATC]: pattern 86424154, bin not found / already patched!
91:764  0:000  20. [Change Notify(BAT1, 0x80) to BATC]: pattern 86424154, bin not found / already patched!
91:764  0:000  21. [Change Notfiy(_SB.PCI0.LPC.EC.BAT1, 0x01) to BATC]: pattern 865C2F05, bin not found / already patched!
91:764  0:000  22. [Change Notfiy(_SB.PCI0.LPC.EC.BAT1, 0x03) to BATC]: pattern 865C2F05, bin not found / already patched!
91:764  0:000  23. [Change Method(_Q15,0,N) to XQ15]: pattern 5F513135, bin not found / already patched!
91:764  0:000  24. [Change Method(_Q14,0,N) to XQ14]: pattern 5F513134, bin not found / already patched!
91:764  0:000  25. [Change Method(_Q6A,0,N) to XQ28]: disabled
91:764  0:000  26. [Change Method(_Q16,0,N) to XQ19]: disabled
91:764  0:000  27. [Change Method(_Q64,0,N) to XQ2A]: disabled
91:764  0:000  28. [Change Method(_Q66,0,N) to XQ66]: disabled
91:764  0:000  29. [Change Method(_Q67,0,N) to XQ67]: disabled
91:764  0:000  30. [Change Method(_Q68,0,N) to XQ68]: disabled
91:764  0:000  31. [Change Method(_Q69,0,N) to XQ69]: disabled
91:764  0:000  Name: EXP1, Bridge: PCI0, Replace: RP01
91:764  0:000  Name: EXP2, Bridge: PCI0, Replace: RP02
91:764  0:000  Name: EXP3, Bridge: PCI0, Replace: RP03
91:764  0:000    0 replacements
91:764  0:000  Found OperationRegion(MBAR, SystemMemory, FED15000, ...)
91:764  0:000  0. [change _OSI to XOSI]: pattern 5F4F5349, bin not found / already patched!
91:764  0:000  1. [change _DSM to XDSM]: pattern 5F44534D, bin not found / already patched!
91:764  0:000  2. [change EHC1 to EH01]: pattern 45484331, bin not found / already patched!
91:764  0:000  3. [Change XHCI to XHC]: pattern 58484349, bin not found / already patched!
91:764  0:000  4. [change B0D3 to HDAU]: pattern 42304433, patched at: [ (21B) (F85) (10) (F) (F) (F) (F) (73) ]
91:764  0:000  5. [change IGBE to GLAN]: pattern 49474245, bin not found / already patched!
91:764  0:000  6. [Change SAT1 to SATA]: pattern 53415431, bin not found / already patched!
91:764  0:000  7. [change PCI0.VID to IGPU #1 (Thinkpad)]: pattern 50434930, patched at: [ (930) (9ED) (9) ]
91:764  0:000  8. [change PCI0.VID to IGPU #2 (Thinkpad)]: pattern 5649445F, bin not found / already patched!
91:764  0:000  9. [Change Method(_PTS,1,N) to ZPTS]: pattern 5F505453, bin not found / already patched!
91:764  0:000  10. [Change Method(XSEL,0,S) to XSEZ]: pattern 5853454C, bin not found / already patched!
91:764  0:000  11. [Change Method(ESEL,0,S) to ESEZ]: pattern 4553454C, bin not found / already patched!
91:764  0:000  12. [Change Method(_WAK,1,N) to ZWAK]: pattern 5F57414B, bin not found / already patched!
91:764  0:000  13. [Instant Wake Fix 1(_PRW 0x6d, 0x03) to (0x6d, 0)]: pattern 1215030A, bin not found / already patched!
91:764  0:000  14. [Instant Wake Fix 2(_PRW 0x6d, 0x04) to (0x6d, 0)]: pattern 1206020A, bin not found / already patched!
91:764  0:000  15. [Change Method(GBIF,3,N) to XBIF]: pattern 47424946, bin not found / already patched!
91:764  0:000  16. [Change Method(GBST,4,N) to XBST]: pattern 47425354, bin not found / already patched!
91:764  0:000  17. [Change Method(L0D,0,N) to XL0D]: pattern 5F4C3044, bin not found / already patched!
91:764  0:000  18. [Change Notify(BAT0, 0x80) to BATC]: pattern 86424154, bin not found / already patched!
91:765  0:000  19. [Change Notify(BAT0, 0x81) to BATC]: pattern 86424154, bin not found / already patched!
91:765  0:000  20. [Change Notify(BAT1, 0x80) to BATC]: pattern 86424154, bin not found / already patched!
91:765  0:000  21. [Change Notfiy(_SB.PCI0.LPC.EC.BAT1, 0x01) to BATC]: pattern 865C2F05, bin not found / already patched!
91:765  0:000  22. [Change Notfiy(_SB.PCI0.LPC.EC.BAT1, 0x03) to BATC]: pattern 865C2F05, bin not found / already patched!
91:765  0:000  23. [Change Method(_Q15,0,N) to XQ15]: pattern 5F513135, bin not found / already patched!
91:765  0:000  24. [Change Method(_Q14,0,N) to XQ14]: pattern 5F513134, bin not found / already patched!
91:765  0:000  25. [Change Method(_Q6A,0,N) to XQ28]: disabled
91:765  0:000  26. [Change Method(_Q16,0,N) to XQ19]: disabled
91:765  0:000  27. [Change Method(_Q64,0,N) to XQ2A]: disabled
91:765  0:000  28. [Change Method(_Q66,0,N) to XQ66]: disabled
91:765  0:000  29. [Change Method(_Q67,0,N) to XQ67]: disabled
91:765  0:000  30. [Change Method(_Q68,0,N) to XQ68]: disabled
91:765  0:000  31. [Change Method(_Q69,0,N) to XQ69]: disabled
91:765  0:000  Name: EXP1, Bridge: PCI0, Replace: RP01
91:765  0:000  Name: EXP2, Bridge: PCI0, Replace: RP02
91:765  0:000  Name: EXP3, Bridge: PCI0, Replace: RP03
91:765  0:000    0 replacements
91:765  0:000  Found OperationRegion(SANV, SystemMemory, 96D6BC18, ...)
91:765  0:000  Found OperationRegion(CCDC, SystemMemory, 80000000, ...)
91:765  0:000  0. [change _OSI to XOSI]: pattern 5F4F5349, bin not found / already patched!
91:765  0:000  1. [change _DSM to XDSM]: pattern 5F44534D, bin not found / already patched!
91:765  0:000  2. [change EHC1 to EH01]: pattern 45484331, bin not found / already patched!
91:765  0:000  3. [Change XHCI to XHC]: pattern 58484349, bin not found / already patched!
91:765  0:000  4. [change B0D3 to HDAU]: pattern 42304433, bin not found / already patched!
91:765  0:000  5. [change IGBE to GLAN]: pattern 49474245, bin not found / already patched!
91:765  0:000  6. [Change SAT1 to SATA]: pattern 53415431, bin not found / already patched!
91:765  0:000  7. [change PCI0.VID to IGPU #1 (Thinkpad)]: pattern 50434930, bin not found / already patched!
91:765  0:000  8. [change PCI0.VID to IGPU #2 (Thinkpad)]: pattern 5649445F, bin not found / already patched!
91:765  0:000  9. [Change Method(_PTS,1,N) to ZPTS]: pattern 5F505453, bin not found / already patched!
91:765  0:000  10. [Change Method(XSEL,0,S) to XSEZ]: pattern 5853454C, bin not found / already patched!
91:765  0:000  11. [Change Method(ESEL,0,S) to ESEZ]: pattern 4553454C, bin not found / already patched!
91:765  0:000  12. [Change Method(_WAK,1,N) to ZWAK]: pattern 5F57414B, bin not found / already patched!
91:765  0:000  13. [Instant Wake Fix 1(_PRW 0x6d, 0x03) to (0x6d, 0)]: pattern 1215030A, bin not found / already patched!
91:765  0:000  14. [Instant Wake Fix 2(_PRW 0x6d, 0x04) to (0x6d, 0)]: pattern 1206020A, bin not found / already patched!
91:765  0:000  15. [Change Method(GBIF,3,N) to XBIF]: pattern 47424946, bin not found / already patched!
91:765  0:000  16. [Change Method(GBST,4,N) to XBST]: pattern 47425354, bin not found / already patched!
91:765  0:000  17. [Change Method(L0D,0,N) to XL0D]: pattern 5F4C3044, bin not found / already patched!
91:765  0:000  18. [Change Notify(BAT0, 0x80) to BATC]: pattern 86424154, bin not found / already patched!
91:765  0:000  19. [Change Notify(BAT0, 0x81) to BATC]: pattern 86424154, bin not found / already patched!
91:765  0:000  20. [Change Notify(BAT1, 0x80) to BATC]: pattern 86424154, bin not found / already patched!
91:765  0:000  21. [Change Notfiy(_SB.PCI0.LPC.EC.BAT1, 0x01) to BATC]: pattern 865C2F05, bin not found / already patched!
91:765  0:000  22. [Change Notfiy(_SB.PCI0.LPC.EC.BAT1, 0x03) to BATC]: pattern 865C2F05, bin not found / already patched!
91:765  0:000  23. [Change Method(_Q15,0,N) to XQ15]: pattern 5F513135, bin not found / already patched!
91:765  0:000  24. [Change Method(_Q14,0,N) to XQ14]: pattern 5F513134, bin not found / already patched!
91:765  0:000  25. [Change Method(_Q6A,0,N) to XQ28]: disabled
91:765  0:000  26. [Change Method(_Q16,0,N) to XQ19]: disabled
91:765  0:000  27. [Change Method(_Q64,0,N) to XQ2A]: disabled
91:765  0:000  28. [Change Method(_Q66,0,N) to XQ66]: disabled
91:765  0:000  29. [Change Method(_Q67,0,N) to XQ67]: disabled
91:765  0:000  30. [Change Method(_Q68,0,N) to XQ68]: disabled
91:765  0:000  31. [Change Method(_Q69,0,N) to XQ69]: disabled
91:765  0:000  Name: EXP1, Bridge: PCI0, Replace: RP01
91:765  0:000  Name: EXP2, Bridge: PCI0, Replace: RP02
91:765  0:000  Name: EXP3, Bridge: PCI0, Replace: RP03
91:765  0:000    0 replacements
91:765  0:000  0. [change _OSI to XOSI]: pattern 5F4F5349, bin not found / already patched!
91:765  0:000  1. [change _DSM to XDSM]: pattern 5F44534D, bin not found / already patched!
91:765  0:000  2. [change EHC1 to EH01]: pattern 45484331, bin not found / already patched!
91:765  0:000  3. [Change XHCI to XHC]: pattern 58484349, bin not found / already patched!
91:765  0:000  4. [change B0D3 to HDAU]: pattern 42304433, bin not found / already patched!
91:765  0:000  5. [change IGBE to GLAN]: pattern 49474245, bin not found / already patched!
91:765  0:000  6. [Change SAT1 to SATA]: pattern 53415431, bin not found / already patched!
91:765  0:000  7. [change PCI0.VID to IGPU #1 (Thinkpad)]: pattern 50434930, bin not found / already patched!
91:765  0:000  8. [change PCI0.VID to IGPU #2 (Thinkpad)]: pattern 5649445F, bin not found / already patched!
91:765  0:000  9. [Change Method(_PTS,1,N) to ZPTS]: pattern 5F505453, bin not found / already patched!
91:765  0:000  10. [Change Method(XSEL,0,S) to XSEZ]: pattern 5853454C, bin not found / already patched!
91:765  0:000  11. [Change Method(ESEL,0,S) to ESEZ]: pattern 4553454C, bin not found / already patched!
91:765  0:000  12. [Change Method(_WAK,1,N) to ZWAK]: pattern 5F57414B, bin not found / already patched!
91:765  0:000  13. [Instant Wake Fix 1(_PRW 0x6d, 0x03) to (0x6d, 0)]: pattern 1215030A, bin not found / already patched!
91:765  0:000  14. [Instant Wake Fix 2(_PRW 0x6d, 0x04) to (0x6d, 0)]: pattern 1206020A, bin not found / already patched!
91:765  0:000  15. [Change Method(GBIF,3,N) to XBIF]: pattern 47424946, bin not found / already patched!
91:765  0:000  16. [Change Method(GBST,4,N) to XBST]: pattern 47425354, bin not found / already patched!
91:766  0:000  17. [Change Method(L0D,0,N) to XL0D]: pattern 5F4C3044, bin not found / already patched!
91:766  0:000  18. [Change Notify(BAT0, 0x80) to BATC]: pattern 86424154, bin not found / already patched!
91:766  0:000  19. [Change Notify(BAT0, 0x81) to BATC]: pattern 86424154, bin not found / already patched!
91:766  0:000  20. [Change Notify(BAT1, 0x80) to BATC]: pattern 86424154, bin not found / already patched!
91:766  0:000  21. [Change Notfiy(_SB.PCI0.LPC.EC.BAT1, 0x01) to BATC]: pattern 865C2F05, bin not found / already patched!
91:766  0:000  22. [Change Notfiy(_SB.PCI0.LPC.EC.BAT1, 0x03) to BATC]: pattern 865C2F05, bin not found / already patched!
91:766  0:000  23. [Change Method(_Q15,0,N) to XQ15]: pattern 5F513135, bin not found / already patched!
91:766  0:000  24. [Change Method(_Q14,0,N) to XQ14]: pattern 5F513134, bin not found / already patched!
91:766  0:000  25. [Change Method(_Q6A,0,N) to XQ28]: disabled
91:766  0:000  26. [Change Method(_Q16,0,N) to XQ19]: disabled
91:766  0:000  27. [Change Method(_Q64,0,N) to XQ2A]: disabled
91:766  0:000  28. [Change Method(_Q66,0,N) to XQ66]: disabled
91:766  0:000  29. [Change Method(_Q67,0,N) to XQ67]: disabled
91:766  0:000  30. [Change Method(_Q68,0,N) to XQ68]: disabled
91:766  0:000  31. [Change Method(_Q69,0,N) to XQ69]: disabled
91:766  0:000  Name: EXP1, Bridge: PCI0, Replace: RP01
91:766  0:000  Name: EXP2, Bridge: PCI0, Replace: RP02
91:766  0:000  Name: EXP3, Bridge: PCI0, Replace: RP03
91:766  0:000    0 replacements
91:766  0:000  === [ ACPIPatchedAML ] ====================================
91:766  0:000  AutoMerge pass 2
91:766  0:000  Unsorted
91:766  0:000  Inserting SSDT-XOSI.aml from EFI\CLOVER\ACPI\patched: size=234 ... Success
91:768  0:002  Inserting SSDT-UIAC.aml from EFI\CLOVER\ACPI\patched: size=462 ... Success
91:768  0:000  Inserting SSDT-PWRB.aml from EFI\CLOVER\ACPI\patched: size=74 ... Success
91:768  0:000  Inserting SSDT-PNLF.aml from EFI\CLOVER\ACPI\patched: size=1028 ... Success
91:768  0:000  Inserting SSDT-MEM2.aml from EFI\CLOVER\ACPI\patched: size=148 ... Success
91:768  0:000  Inserting SSDT-DTGP.aml from EFI\CLOVER\ACPI\patched: size=100 ... Success
91:769  0:000  Inserting SSDT-IMEI.aml from EFI\CLOVER\ACPI\patched: size=98 ... Success
91:769  0:000  Inserting SSDT-MCHC.aml from EFI\CLOVER\ACPI\patched: size=76 ... Success
91:769  0:000  Inserting SSDT-DMAC.aml from EFI\CLOVER\ACPI\patched: size=137 ... Success
91:769  0:000  Inserting SSDT-ASTP.aml from EFI\CLOVER\ACPI\patched: size=162 ... Success
91:770  0:000  Inserting SSDT-DHCI.aml from EFI\CLOVER\ACPI\patched: size=281 ... Success
91:770  0:000  Inserting SSDT-SMBU.aml from EFI\CLOVER\ACPI\patched: size=164 ... Success
91:770  0:000  Inserting SSDT-BATT.aml from EFI\CLOVER\ACPI\patched: size=6063 ... Success
91:770  0:000  Inserting SSDT-ALC3.aml from EFI\CLOVER\ACPI\patched: size=294 ... Success
91:770  0:000  Inserting SSDT-HPET.aml from EFI\CLOVER\ACPI\patched: size=87 ... Success
91:770  0:000  CPUBase=0 and ApicCPUBase=1 ApicCPUNum=8
91:770  0:000  Maximum control=0x1A
91:770  0:000  Turbo control=0x20
91:770  0:000  P-States: min 0x5, max 0x20
91:771  0:000  SSDT with plugin-type without P-States is generated
91:771  0:000  Cleanup XSDT: count=40, length=356
91:771  0:000  corrected XSDT count=40, length=356
91:771  0:000  === [ RestSetup macOS ] ===================================
91:771  0:000  EdidDiscovered size=128
91:771  0:000  --- Discovered EDID Table size:128
91:771  0:000  000  |  00  FF  FF  FF  FF  FF  FF  00  30  E4
91:771  0:000  010  |  74  05  00  00  00  00  00  1A  01  04
91:771  0:000  020  |  A5  1F  11  78  EA  9D  35  94  5C  55
91:771  0:000  030  |  8F  29  1E  50  54  00  00  00  01  01
91:771  0:000  040  |  01  01  01  01  01  01  01  01  01  01
91:771  0:000  050  |  01  01  01  01  2E  36  80  A0  70  38
91:771  0:000  060  |  1F  40  30  20  35  00  35  AF  10  00
91:771  0:000  070  |  00  1A  1F  24  80  A0  70  38  1F  40
91:771  0:000  080  |  30  20  35  00  35  AF  10  00  00  1A
91:771  0:000  090  |  00  00  00  00  00  00  00  00  00  00
91:771  0:000  100  |  00  00  00  00  00  00  00  00  00  00
91:771  0:000  110  |  00  02  00  0C  47  FF  0A  3C  6E  1D
91:771  0:000  120  |  12  23  6E  00  00  00  00  9F
91:771  0:000  add device: PciRoot(0x0)/Pci(0x3,0x0)
91:771  0:000     Add key=name valuelen=5
91:771  0:000     Add key=model valuelen=40
91:771  0:000     Add key=layout-id valuelen=4
91:771  0:000     Add key=device_type valuelen=18
91:771  0:000     Add key=built-in valuelen=1
91:771  0:000     Add key=AAPL,slot-name valuelen=9
91:771  0:000  add device: PciRoot(0x0)/Pci(0x2,0x0)
91:771  0:000     Add key=name valuelen=5
91:771  0:000     Add key=model valuelen=23
91:771  0:000     Add key=hda-gfx valuelen=10
91:771  0:000     Add key=framebuffer-unifiedmem valuelen=4
91:771  0:000     Add key=framebuffer-portcount valuelen=4
91:771  0:000     Add key=framebuffer-patch-enable valuelen=4
91:771  0:000     Add key=framebuffer-con2-index valuelen=4
91:771  0:000     Add key=framebuffer-con2-enable valuelen=4
91:771  0:000     Add key=framebuffer-con1-type valuelen=4
91:771  0:000     Add key=framebuffer-con1-pipe valuelen=4
91:771  0:000     Add key=framebuffer-con1-enable valuelen=4
91:771  0:000     Add key=framebuffer-con0-pipe valuelen=4
91:771  0:000     Add key=framebuffer-con0-enable valuelen=4
91:771  0:000     Add key=disable-external-gpu valuelen=4
91:771  0:000     Add key=device_type valuelen=26
91:771  0:000     Add key=built-in valuelen=1
91:771  0:000     Add key=AAPL,slot-name valuelen=9
91:771  0:000     Add key=AAPL,ig-platform-id valuelen=4
91:771  0:000     Add key=AAPL,GfxYTile valuelen=4
91:771  0:000  add device: PciRoot(0x0)/Pci(0x1F,0x6)
91:771  0:000     Add key=name valuelen=5
91:771  0:000     Add key=model valuelen=63
91:771  0:000     Add key=device_type valuelen=29
91:771  0:000     Add key=built-in valuelen=1
91:771  0:000     Add key=AAPL,slot-name valuelen=9
91:771  0:000  add device: PciRoot(0x0)/Pci(0x1F,0x3)
91:771  0:000     Add key=name valuelen=5
91:771  0:000     Add key=model valuelen=40
91:771  0:000     Add key=device_type valuelen=22
91:771  0:000     Add key=built-in valuelen=1
91:771  0:000     Add key=AAPL,slot-name valuelen=9
91:771  0:000  add device: PciRoot(0x0)/Pci(0x1F,0x2)
91:771  0:000     Add key=name valuelen=5
91:771  0:000     Add key=model valuelen=61
91:771  0:000     Add key=device_type valuelen=16
91:771  0:000     Add key=AAPL,slot-name valuelen=9
91:771  0:000  add device: PciRoot(0x0)/Pci(0x1F,0x0)
91:771  0:000     Add key=name valuelen=4
91:771  0:000     Add key=model valuelen=68
91:771  0:000     Add key=device_type valuelen=11
91:771  0:000     Add key=built-in valuelen=1
91:771  0:000     Add key=AAPL,slot-name valuelen=9
91:771  0:000  add device: PciRoot(0x0)/Pci(0x1D,0x0)
91:771  0:000     Add key=vendor-id valuelen=4
91:771  0:000     Add key=name valuelen=5
91:771  0:000     Add key=model valuelen=80
91:771  0:000     Add key=device_type valuelen=19
91:771  0:000     Add key=device-id valuelen=4
91:771  0:000     Add key=built-in valuelen=1
91:771  0:000     Add key=AAPL,slot-name valuelen=9
91:771  0:000     Add key=AAPL,max-port-current-in-sleep valuelen=3
91:771  0:000     Add key=AAPL,device-internal valuelen=2
91:771  0:000     Add key=AAPL,current-in-sleep valuelen=3
91:771  0:000     Add key=AAPL,current-extra-in-sleep valuelen=3
91:771  0:000     Add key=AAPL,current-extra valuelen=3
91:771  0:000     Add key=AAPL,current-available valuelen=3
91:771  0:000  add device: PciRoot(0x0)/Pci(0x1C,0x1)/Pci(0x0,0x0)
91:771  0:000     Add key=name valuelen=5
91:771  0:000     Add key=model valuelen=73
91:771  0:000     Add key=device_type valuelen=19
91:771  0:000     Add key=AAPL,slot-name valuelen=14
91:771  0:000  add device: PciRoot(0x0)/Pci(0x1C,0x1)
91:771  0:000     Add key=name valuelen=5
91:771  0:000     Add key=model valuelen=58
91:771  0:000     Add key=device_type valuelen=11
91:771  0:000     Add key=built-in valuelen=1
91:771  0:000     Add key=AAPL,slot-name valuelen=9
91:771  0:000  add device: PciRoot(0x0)/Pci(0x1C,0x0)/Pci(0x0,0x0)
91:771  0:000     Add key=name valuelen=5
91:771  0:000     Add key=model valuelen=40
91:771  0:000     Add key=device_type valuelen=12
91:771  0:000     Add key=AAPL,slot-name valuelen=15
91:771  0:000  add device: PciRoot(0x0)/Pci(0x1C,0x0)
91:771  0:000     Add key=name valuelen=5
91:771  0:000     Add key=model valuelen=58
91:771  0:000     Add key=device_type valuelen=11
91:771  0:000     Add key=built-in valuelen=1
91:771  0:000     Add key=AAPL,slot-name valuelen=9
91:771  0:000  add device: PciRoot(0x0)/Pci(0x1B,0x0)
91:771  0:000     Add key=name valuelen=5
91:771  0:000     Add key=model valuelen=84
91:771  0:000     Add key=layout-id valuelen=4
91:771  0:000     Add key=hda-gfx valuelen=10
91:771  0:000     Add key=device_type valuelen=18
91:771  0:000     Add key=built-in valuelen=1
91:771  0:000     Add key=AAPL,slot-name valuelen=9
91:771  0:000  add device: PciRoot(0x0)/Pci(0x19,0x0)
91:771  0:000     Add key=name valuelen=5
91:771  0:000     Add key=model valuelen=65
91:771  0:000     Add key=device_type valuelen=20
91:771  0:000     Add key=built-in valuelen=1
91:771  0:000     Add key=AAPL,slot-name valuelen=9
91:771  0:000  add device: PciRoot(0x0)/Pci(0x16,0x0)
91:771  0:000     Add key=name valuelen=5
91:771  0:000     Add key=model valuelen=48
91:772  0:000     Add key=device_type valuelen=25
91:772  0:000     Add key=built-in valuelen=1
91:772  0:000     Add key=AAPL,slot-name valuelen=9
91:772  0:000  add device: PciRoot(0x0)/Pci(0x14,0x0)
91:772  0:000     Add key=vendor-id valuelen=4
91:772  0:000     Add key=name valuelen=4
91:772  0:000     Add key=model valuelen=71
91:772  0:000     Add key=device_type valuelen=19
91:772  0:000     Add key=device-id valuelen=4
91:772  0:000     Add key=built-in valuelen=1
91:772  0:000     Add key=AAPL,slot-name valuelen=9
91:772  0:000     Add key=AAPL,max-port-current-in-sleep valuelen=3
91:772  0:000     Add key=AAPL,device-internal valuelen=2
91:772  0:000     Add key=AAPL,current-in-sleep valuelen=3
91:772  0:000     Add key=AAPL,current-extra-in-sleep valuelen=3
91:772  0:000     Add key=AAPL,current-extra valuelen=3
91:772  0:000     Add key=AAPL,current-available valuelen=3
91:772  0:000  add device: PciRoot(0x0)/Pci(0x0,0x0)
91:772  0:000     Add key=name valuelen=5
91:772  0:000     Add key=model valuelen=51
91:772  0:000     Add key=device_type valuelen=12
91:772  0:000     Add key=built-in valuelen=1
91:772  0:000     Add key=AAPL,slot-name valuelen=9
91:772  0:000  Intel GFX injection not set
91:772  0:000  Intel GFX IntelBacklight
91:772  0:000    LEV2 = 0xE0000000, LEVL = 0x3540354, P0BL = 0x163A, GRAN = 0x0
91:772  0:000    LEVW = 0xC0000000, LEVX = 0x3540354, LEVD = 0x3540354, PCHL = 0x0
91:772  0:000    Found invalid LEVW, set System LEVW: 0x80000000
91:772  0:000    Write macOS LEVW: 0xC0000000
91:772  0:000    Read IntelMaxValue: 0xAD9
91:772  0:000    Write new LEVX: 0xAD90AD9
91:772  0:000  stringlength = 12708
91:774  0:002  CurrentMode: Width=1920 Height=1080
91:774  0:000  Beginning FSInjection
FSInjectionInstall ...
- Our FSI_SIMPLE_FILE_SYSTEM_PROTOCOL installed on handle: 8EC9F518
FSInjectionInstall ...
- Our FSI_SIMPLE_FILE_SYSTEM_PROTOCOL installed on handle: 8EC9F518
91:799  0:024  Use origin smbios table type 1 guid.
91:800  0:001  Preparing kexts injection for arch=x86_64 from EFI\CLOVER\kexts\Other
91:800  0:000  Extra kext: EFI\CLOVER\kexts\Other\NoVPAJpeg.kext (v.1.0.0)
91:806  0:005  Extra kext: EFI\CLOVER\kexts\Other\AppleIntelE1000e.kext (v.3.3.6)
91:810  0:004  Extra kext: EFI\CLOVER\kexts\Other\AirportBrcmFixup.kext (v.2.0.0)
91:817  0:006  Extra kext: EFI\CLOVER\kexts\Other\CPUFriend.kext (v.1.1.7)
91:823  0:005  Extra kext: EFI\CLOVER\kexts\Other\ApplePS2SmartTouchPad.kext (v.4.6.8)
91:834  0:011    |-- PlugIn kext: EFI\CLOVER\kexts\Other\ApplePS2SmartTouchPad.kext\Contents\PlugIns\ApplePS2Controller.kext (v.4.6.8)
91:840  0:005    |-- PlugIn kext: EFI\CLOVER\kexts\Other\ApplePS2SmartTouchPad.kext\Contents\PlugIns\ApplePS2Keyboard.kext (v.4.6.8)
91:845  0:004  Extra kext: EFI\CLOVER\kexts\Other\HibernationFixup.kext (v.1.2.5)
91:850  0:005  Extra kext: EFI\CLOVER\kexts\Other\SMCBatteryManager.kext (v.1)
91:856  0:005  Extra kext: EFI\CLOVER\kexts\Other\SMCProcessor.kext (v.1.0.3)
91:860  0:004  Extra kext: EFI\CLOVER\kexts\Other\SMCSuperIO.kext (v.1.0.3)
91:865  0:004  Extra kext: EFI\CLOVER\kexts\Other\VirtualSMC.kext (v.1.0.3)
91:873  0:007  Extra kext: EFI\CLOVER\kexts\Other\AppleALC.kext (v.1.3.7)
92:060  0:187  Extra kext: EFI\CLOVER\kexts\Other\USBInjectAll.kext (v.0.7.1)
92:341  0:280  Extra kext: EFI\CLOVER\kexts\Other\Lilu.kext (v.1.3.5)
92:348  0:006  Extra kext: EFI\CLOVER\kexts\Other\WhateverGreen.kext (v.1.2.8)
92:408  0:059  SetScreenResolution: 1920x1080 - already set
92:408  0:000  Custom boot is disabled
92:411  0:003  Closing log
